#@ # 
#@ # Running icc2_shell Version O-2018.06-SP1 for linux64 -- Jul 17, 2018
#@ # Date:   Sun Jun 29 18:01:24 2025
#@ # Run by: ICer@IC_EDA
#@ 

source -echo -verbose placement_script.tcl
win_set_filter -visible -class cell -filter {hard_macro_margin hard_margin route_blockage_margin soft_margin}
win_set_filter -visible -class placement_blockage -filter {wiring} -layer {0-72}
win_set_filter -expand_cell_types {soft_macro  }
win_set_select_class -visible {cell port bound routing_blockage shaping_blockage pg_region pin_blockage block_shielding topology_node topology_edge core_area die_area edit_group shape via terminal fill_cell placement_blockage }
win_set_filter -class cell -filter {cell_array hard_macro_margin hard_margin route_blockage_margin soft_margin}
win_set_filter -class placement_blockage -filter {wiring} -layer {0-72}
win_set_select_class {cell port bound routing_blockage shaping_blockage pg_region pin_blockage topology_node topology_edge edit_group shape via placement_blockage }
gui_show_error_data
gui_set_error_browser_option -show_mode all
gui_set_error_browser_option -view_mode zoom
gui_set_error_browser_option -zoom_factor 1.000000
gui_set_error_browser_option -grouping type
gui_error_browser -show
gui_open_error_data -name {DRC_report_by_check_pg_drc}
gui_open_error_data -name {__cv32e40p_placement_check_legality.err}
gui_set_current_errors -data_name {DRC_report_by_check_pg_drc} -group {Short}
gui_set_selected_errors -replace [gui_get_errors -data_name {DRC_report_by_check_pg_drc} -id {0}] -force
gui_set_setting -window [gui_get_current_window -types Layout -mru] -setting showPin -value true
win_set_select_class -visible {cell pin port bound routing_blockage shaping_blockage pg_region pin_blockage block_shielding topology_node topology_edge core_area die_area edit_group shape via terminal fill_cell placement_blockage }
win_set_select_class {cell pin port bound routing_blockage shaping_blockage pg_region pin_blockage topology_node topology_edge edit_group shape via placement_blockage }
gui_zoom -window [gui_get_current_window -types Layout -view] -factor 0.5 -at_point {170.550 120.196}
gui_zoom -window [gui_get_current_window -types Layout -view] -factor 0.5 -at_point {170.549 120.197}
gui_zoom -window [gui_get_current_window -types Layout -view] -factor 0.5 -at_point {170.548 120.196}
gui_zoom -window [gui_get_current_window -types Layout -view] -factor 0.5 -at_point {170.822 120.187}
gui_zoom -window [gui_get_current_window -types Layout -view] -factor 0.5 -at_point {170.919 120.162}
gui_zoom -window [gui_get_current_window -types Layout -view] -factor 2 -at_point {171.874 120.053}
gui_zoom -window [gui_get_current_window -types Layout -view] -factor 2 -at_point {171.406 120.046}
gui_zoom -window [gui_get_current_window -types Layout -view] -factor 2 -at_point {170.939 120.168}
gui_zoom -window [gui_get_current_window -types Layout -view] -factor 0.5 -at_point {170.907 120.075}
gui_set_selected_errors -replace [gui_get_errors -data_name {DRC_report_by_check_pg_drc} -id {1}] -force
gui_zoom -window [gui_get_current_window -types Layout -view] -factor 0.5 -at_point {170.566 120.209}
gui_zoom -window [gui_get_current_window -types Layout -view] -factor 0.5 -at_point {170.566 120.208}
gui_zoom -window [gui_get_current_window -types Layout -view] -factor 0.5 -at_point {170.566 120.208}
gui_error_browser -hide
gui_zoom -window [gui_get_current_window -types Layout -view] -factor 2 -at_point {171.539 120.165}
gui_zoom -window [gui_get_current_window -types Layout -view] -factor 2 -at_point {171.539 120.165}
gui_zoom -window [gui_get_current_window -types Layout -view] -factor 0.5 -at_point {171.539 120.163}
gui_zoom -window [gui_get_current_window -types Layout -view] -factor 0.5 -at_point {171.539 120.163}
gui_zoom -window [gui_get_current_window -types Layout -view] -factor 0.5 -at_point {171.539 120.163}
gui_zoom -window [gui_get_current_window -types Layout -view] -factor 0.5 -at_point {171.539 120.163}
gui_zoom -window [gui_get_current_window -types Layout -view] -factor 0.5 -at_point {171.536 120.164}
gui_zoom -window [gui_get_current_window -types Layout -view] -factor 2 -at_point {171.536 120.158}
gui_zoom -window [gui_get_current_window -types Layout -view] -factor 2 -at_point {171.530 120.159}
gui_zoom -window [gui_get_current_window -types Layout -view] -factor 2 -at_point {171.530 120.158}
gui_scroll -window [gui_get_current_window -view] -hrel .2
gui_mouse_tool -window [gui_get_current_window -types Layout -mru] -start MoveTool
gui_mouse_tool -window [gui_get_current_window -types Layout -mru] -add_point {171.206 120.192} -scale 0.0018
gui_set_mouse_tool_option -tool MoveTool -option {dragAngle} -value {Orthogonal}
gui_mouse_tool -window [gui_get_current_window -types Layout -mru] -add_point {171.526 120.187} -scale 0.0018 -modifiers { Shift}
gui_set_setting -window [gui_get_current_window -types Layout -mru] -setting showPinShapeLayer_M1 -value true
gui_set_setting -window [gui_get_current_window -types Layout -mru] -setting showPinShapeLayer_VIA1 -value true
gui_set_setting -window [gui_get_current_window -types Layout -mru] -setting showPinShapeLayer_M2 -value true
gui_set_mouse_tool_option -tool MoveTool -option {dragAngle} -value {Diagonal}
gui_mouse_tool -window [gui_get_current_window -types Layout -mru] -add_point {170.646 120.185} -scale 0.0018
gui_set_mouse_tool_option -tool MoveTool -option {dragAngle} -value {Orthogonal}
gui_mouse_tool -window [gui_get_current_window -types Layout -mru] -add_point {171.026 120.196} -scale 0.0018 -modifiers { Shift}
gui_set_setting -window [gui_get_current_window -types Layout -mru] -setting showPinShapeLayer_M4 -value true
gui_set_setting -window [gui_get_current_window -types Layout -mru] -setting showPinShapeLayer_VIA4 -value true
gui_set_setting -window [gui_get_current_window -types Layout -mru] -setting showPinShapeLayer_M5 -value true
gui_set_mouse_tool_option -tool MoveTool -option {dragAngle} -value {Diagonal}
gui_mouse_tool -window [gui_get_current_window -types Layout -mru] -add_point {170.515 120.216} -scale 0.0018
gui_set_mouse_tool_option -tool MoveTool -option {dragAngle} -value {Orthogonal}
gui_mouse_tool -window [gui_get_current_window -types Layout -mru] -add_point {170.847 120.212} -scale 0.0018 -modifiers { Shift}
gui_set_setting -window [gui_get_current_window -types Layout -mru] -setting showPinShapeLayer_VIA2 -value true
gui_set_setting -window [gui_get_current_window -types Layout -mru] -setting showPinShapeLayer_M3 -value true
gui_set_mouse_tool_option -tool MoveTool -option {dragAngle} -value {Diagonal}
gui_mouse_tool -window [gui_get_current_window -types Layout -mru] -add_point {170.524 120.180} -scale 0.0018
gui_set_mouse_tool_option -tool MoveTool -option {dragAngle} -value {Orthogonal}
gui_mouse_tool -window [gui_get_current_window -types Layout -mru] -add_point {170.847 120.178} -scale 0.0018 -modifiers { Shift}
gui_set_setting -window [gui_get_current_window -types Layout -mru] -setting showPinShapeLayer_M6 -value true
gui_set_setting -window [gui_get_current_window -types Layout -mru] -setting showPinShapeLayer_VIA6 -value true
gui_set_setting -window [gui_get_current_window -types Layout -mru] -setting showPinShapeLayer_M7 -value true
gui_set_mouse_tool_option -tool MoveTool -option {dragAngle} -value {Diagonal}
gui_mouse_tool -window [gui_get_current_window -types Layout -mru] -add_point {170.591 120.180} -scale 0.0018
gui_set_mouse_tool_option -tool MoveTool -option {dragAngle} -value {Orthogonal}
gui_set_mouse_tool_option -tool MoveTool -option {dragAngle} -value {Diagonal}
gui_mouse_tool -window [gui_get_current_window -types Layout -mru] -reset
set_snap_setting -enabled {false}
gui_mouse_tool -window [gui_get_current_window -types Layout -mru] -add_point {170.491 120.203} -scale 0.0018
gui_set_mouse_tool_option -tool MoveTool -option {dragAngle} -value {Orthogonal}
gui_mouse_tool -window [gui_get_current_window -types Layout -mru] -add_point {170.836 120.185} -scale 0.0018 -modifiers { Shift}
gui_set_setting -window [gui_get_current_window -types Layout -mru] -setting showPinShapeLayer_VIA3 -value true
gui_set_mouse_tool_option -tool MoveTool -option {dragAngle} -value {Diagonal}
undo
set_snap_setting -enabled {true}
gui_mouse_tool -window [gui_get_current_window -types Layout -mru] -add_point {170.473 120.187} -scale 0.0018
gui_set_mouse_tool_option -tool MoveTool -option {dragAngle} -value {Orthogonal}
gui_mouse_tool -window [gui_get_current_window -types Layout -mru] -add_point {170.796 120.181} -scale 0.0018 -modifiers { Shift}
gui_set_mouse_tool_option -tool MoveTool -option {dragAngle} -value {Diagonal}
gui_mouse_tool -window [gui_get_current_window -types Layout -mru] -add_point {170.525 120.178} -scale 0.0018
gui_set_mouse_tool_option -tool MoveTool -option {dragAngle} -value {Orthogonal}
gui_mouse_tool -window [gui_get_current_window -types Layout -mru] -add_point {170.864 120.149} -scale 0.0018 -modifiers { Shift}
gui_set_setting -window [gui_get_current_window -types Layout -mru] -setting showPinShapeLayer_VIA5 -value true
gui_set_mouse_tool_option -tool MoveTool -option {dragAngle} -value {Diagonal}
gui_mouse_tool -window [gui_get_current_window -types Layout -mru] -add_point {170.580 120.181} -scale 0.0018
gui_set_mouse_tool_option -tool MoveTool -option {dragAngle} -value {Orthogonal}
gui_mouse_tool -window [gui_get_current_window -types Layout -mru] -add_point {170.889 120.176} -scale 0.0018 -modifiers { Shift}
gui_set_setting -window [gui_get_current_window -types Layout -mru] -setting showPinShapeLayer_VIA7 -value true
gui_set_setting -window [gui_get_current_window -types Layout -mru] -setting showPinShapeLayer_M8 -value true
gui_set_mouse_tool_option -tool MoveTool -option {dragAngle} -value {Diagonal}
gui_mouse_tool -window [gui_get_current_window -types Layout -mru] -reset
check
check_pg_drc
gui_zoom -window [gui_get_current_window -types Layout -view] -factor 2 -at_point {170.727 120.196}
gui_zoom -window [gui_get_current_window -types Layout -view] -factor 2 -at_point {170.727 120.196}
gui_zoom -window [gui_get_current_window -types Layout -view] -factor 2 -at_point {170.727 120.196}
gui_zoom -window [gui_get_current_window -types Layout -view] -factor 0.5 -at_point {170.737 120.179}
gui_show_error_data
gui_error_browser -show
gui_set_current_errors -data_name {DRC_report_by_check_pg_drc} -group {Metal Spacing}
gui_set_selected_errors -replace [gui_get_errors -data_name {DRC_report_by_check_pg_drc} -id {0}] -force
win_select_objects -slct_targets global -at {170.716 120.199} -radius 0.0001
gui_zoom -window [gui_get_current_window -types Layout -view] -factor 0.5 -at_point {170.718 120.198}
gui_zoom -window [gui_get_current_window -types Layout -view] -factor 0.5 -at_point {170.718 120.198}
win_select_objects -slct_targets global -at {170.751 120.179} -radius 0.0004
gui_zoom -window [gui_get_current_window -types Layout -view] -factor 2 -at_point {170.725 120.201}
gui_show_error_data
gui_error_browser -show
win_select_objects -slct_targets global -at {170.707 120.201} -radius 0.0001
gui_zoom -window [gui_get_current_window -types Layout -view] -factor 0.5 -at_point {170.755 120.199}
gui_zoom -window [gui_get_current_window -types Layout -view] -factor 0.5 -at_point {170.755 120.199}
win_select_objects -slct_targets global -at {170.745 120.195} -radius 0.0004
gui_mouse_tool -window [gui_get_current_window -types Layout -mru] -start MoveTool
gui_mouse_tool -window [gui_get_current_window -types Layout -mru] -add_point {170.747 120.192} -scale 0.0004
gui_mouse_tool -window [gui_get_current_window -types Layout -mru] -add_point {170.762 120.192} -scale 0.0004
gui_zoom -window [gui_get_current_window -types Layout -view] -factor 0.5 -at_point {170.707 120.186}
gui_zoom -window [gui_get_current_window -types Layout -view] -factor 0.5 -at_point {170.705 120.186}
gui_zoom -window [gui_get_current_window -types Layout -view] -factor 0.5 -at_point {170.704 120.186}
gui_zoom -window [gui_get_current_window -types Layout -view] -factor 2 -at_point {171.477 120.179}
gui_zoom -window [gui_get_current_window -types Layout -view] -factor 2 -at_point {171.494 120.173}
gui_zoom -window [gui_get_current_window -types Layout -view] -factor 2 -at_point {170.745 120.195}
gui_zoom -window [gui_get_current_window -types Layout -view] -factor 2 -at_point {170.745 120.195}
gui_mouse_tool -window [gui_get_current_window -types Layout -mru] -add_point {170.750 120.193} -scale 0.0002
gui_mouse_tool -window [gui_get_current_window -types Layout -mru] -reset
gui_zoom -window [gui_get_current_window -types Layout -view] -factor 0.5 -at_point {170.757 120.194}
gui_zoom -window [gui_get_current_window -types Layout -view] -factor 0.5 -at_point {170.756 120.193}
gui_zoom -window [gui_get_current_window -types Layout -view] -factor 0.5 -at_point {170.756 120.193}
undo
undo
undo
undo
undo
undo
undo
undo
gui_zoom -window [gui_get_current_window -types Layout -view] -factor 0.5 -at_point {171.100 120.059}
gui_zoom -window [gui_get_current_window -types Layout -view] -factor 0.5 -at_point {171.463 120.013}
gui_zoom -window [gui_get_current_window -types Layout -view] -factor 0.5 -at_point {171.461 120.012}
gui_zoom -window [gui_get_current_window -types Layout -view] -factor 2 -at_point {171.465 120.014}
gui_zoom -window [gui_get_current_window -types Layout -view] -factor 2 -at_point {171.466 120.017}
gui_zoom -window [gui_get_current_window -types Layout -view] -factor 0.5 -at_point {170.771 120.012}
gui_zoom -window [gui_get_current_window -types Layout -view] -factor 2 -at_point {169.598 120.768}
check_pg_drc
gui_zoom -window [gui_get_current_window -types Layout -view] -factor 2 -at_point {171.397 120.223}
gui_mouse_tool -window [gui_get_current_window -types Layout -mru] -add_point {171.227 120.200} -scale 0.0016
gui_mouse_tool -window [gui_get_current_window -types Layout -mru] -add_point {171.983 120.192} -scale 0.0016
gui_mouse_tool -window [gui_get_current_window -types Layout -mru] -add_point {171.040 120.197} -scale 0.0016
gui_mouse_tool -window [gui_get_current_window -types Layout -mru] -add_point {171.824 120.186} -scale 0.0016
gui_mouse_tool -window [gui_get_current_window -types Layout -mru] -add_point {171.004 120.173} -scale 0.0016
gui_mouse_tool -window [gui_get_current_window -types Layout -mru] -add_point {171.765 120.143} -scale 0.0016
undo
gui_mouse_tool -window [gui_get_current_window -types Layout -mru] -add_point {171.029 120.195} -scale 0.0016
gui_mouse_tool -window [gui_get_current_window -types Layout -mru] -add_point {171.806 120.173} -scale 0.0016
gui_mouse_tool -window [gui_get_current_window -types Layout -mru] -add_point {170.920 120.183} -scale 0.0016
gui_mouse_tool -window [gui_get_current_window -types Layout -mru] -reset
gui_mouse_tool -window [gui_get_current_window -types Layout -mru] -add_point {171.023 120.198} -scale 0.0016
gui_set_mouse_tool_option -tool MoveTool -option {dragAngle} -value {Orthogonal}
gui_set_mouse_tool_option -tool MoveTool -option {dragAngle} -value {Diagonal}
gui_mouse_tool -window [gui_get_current_window -types Layout -mru] -reset
gui_mouse_tool -window [gui_get_current_window -types Layout -mru] -add_point {171.040 120.164} -scale 0.0016
gui_mouse_tool -window [gui_get_current_window -types Layout -mru] -add_point {171.492 120.343} -scale 0.0016
gui_mouse_tool -window [gui_get_current_window -types Layout -mru] -add_point {170.971 120.189} -scale 0.0016
gui_set_mouse_tool_option -tool MoveTool -option {dragAngle} -value {Orthogonal}
gui_set_mouse_tool_option -tool MoveTool -option {dragAngle} -value {Diagonal}
gui_mouse_tool -window [gui_get_current_window -types Layout -mru] -reset
undo
undo
undo
undo
gui_zoom -window [gui_get_current_window -types Layout -view] -factor 0.5 -at_point {171.945 120.252}
gui_zoom -window [gui_get_current_window -types Layout -view] -factor 0.5 -at_point {170.413 120.145}
gui_zoom -window [gui_get_current_window -types Layout -view] -factor 2 -at_point {170.411 120.144}
gui_zoom -window [gui_get_current_window -types Layout -view] -factor 0.5 -at_point {170.032 120.415}
gui_zoom -window [gui_get_current_window -types Layout -view] -factor 0.5 -at_point {170.033 120.414}
gui_zoom -window [gui_get_current_window -types Layout -view] -factor 2 -at_point {170.480 120.124}
gui_zoom -window [gui_get_current_window -types Layout -view] -factor 2 -at_point {170.478 120.122}
gui_zoom -window [gui_get_current_window -types Layout -view] -factor 2 -at_point {170.877 120.304}
gui_zoom -window [gui_get_current_window -types Layout -view] -factor 0.5 -at_point {171.800 120.085}
gui_mouse_tool -window [gui_get_current_window -types Layout -mru] -add_point {170.912 120.215} -scale 0.0031
gui_mouse_tool -window [gui_get_current_window -types Layout -mru] -add_point {169.674 120.196} -scale 0.0031
gui_mouse_tool -window [gui_get_current_window -types Layout -mru] -add_point {170.831 120.215} -scale 0.0031
gui_mouse_tool -window [gui_get_current_window -types Layout -mru] -reset
gui_set_mouse_tool_option -tool MoveTool -option {dragAngle} -value {X Only}
gui_mouse_tool -window [gui_get_current_window -types Layout -mru] -add_point {170.953 120.205} -scale 0.0031
gui_zoom -window [gui_get_current_window -types Layout -view] -factor 2 -at_point {169.721 120.205}
gui_mouse_tool -window [gui_get_current_window -types Layout -mru] -add_point {169.721 120.197} -scale 0.0016
gui_mouse_tool -window [gui_get_current_window -types Layout -mru] -add_point {170.982 120.199} -scale 0.0016
gui_mouse_tool -window [gui_get_current_window -types Layout -mru] -add_point {169.766 120.172} -scale 0.0016
gui_mouse_tool -window [gui_get_current_window -types Layout -mru] -add_point {170.964 120.196} -scale 0.0016
gui_mouse_tool -window [gui_get_current_window -types Layout -mru] -add_point {169.734 120.191} -scale 0.0016
undo
gui_mouse_tool -window [gui_get_current_window -types Layout -mru] -add_point {171.002 120.194} -scale 0.0016
gui_mouse_tool -window [gui_get_current_window -types Layout -mru] -add_point {169.749 120.201} -scale 0.0016
gui_mouse_tool -window [gui_get_current_window -types Layout -mru] -add_point {171.040 120.183} -scale 0.0016
gui_zoom -window [gui_get_current_window -types Layout -view] -factor 2 -at_point {169.823 120.180}
gui_mouse_tool -window [gui_get_current_window -types Layout -mru] -add_point {169.806 120.191} -scale 0.0008
gui_zoom -window [gui_get_current_window -types Layout -view] -factor 0.5 -at_point {170.271 120.238}
gui_zoom -window [gui_get_current_window -types Layout -view] -factor 0.5 -at_point {170.271 120.238}
gui_mouse_tool -window [gui_get_current_window -types Layout -mru] -add_point {170.995 120.200} -scale 0.0031
gui_zoom -window [gui_get_current_window -types Layout -view] -factor 2 -at_point {170.014 120.197}
gui_mouse_tool -window [gui_get_current_window -types Layout -mru] -add_point {169.762 120.199} -scale 0.0016
gui_mouse_tool -window [gui_get_current_window -types Layout -mru] -add_point {170.485 120.168} -scale 0.0016
gui_mouse_tool -window [gui_get_current_window -types Layout -mru] -add_point {169.287 120.188} -scale 0.0016
gui_zoom -window [gui_get_current_window -types Layout -view] -factor 0.5 -at_point {170.509 120.168}
gui_zoom -window [gui_get_current_window -types Layout -view] -factor 0.5 -at_point {170.503 120.168}
gui_zoom -window [gui_get_current_window -types Layout -view] -factor 2 -at_point {170.537 120.219}
gui_zoom -window [gui_get_current_window -types Layout -view] -factor 2 -at_point {170.612 120.230}
gui_scroll -window [gui_get_current_window -view] -hrel .2
check_pg_drc
gui_zoom -window [gui_get_current_window -types Layout -view] -factor 0.5 -at_point {170.255 120.245}
gui_zoom -window [gui_get_current_window -types Layout -view] -factor 0.5 -at_point {171.808 120.125}
gui_zoom -window [gui_get_current_window -types Layout -view] -factor 2 -at_point {171.781 120.138}
gui_zoom -window [gui_get_current_window -types Layout -view] -factor 2 -at_point {169.932 120.228}
gui_zoom -window [gui_get_current_window -types Layout -view] -factor 0.5 -at_point {169.935 120.229}
gui_scroll -window [gui_get_current_window -view] -hrel .2
gui_mouse_tool -window [gui_get_current_window -types Layout -mru] -add_point {170.042 120.216} -scale 0.0031
gui_mouse_tool -window [gui_get_current_window -types Layout -mru] -add_point {171.736 120.241} -scale 0.0031
gui_mouse_tool -window [gui_get_current_window -types Layout -mru] -add_point {169.946 120.167} -scale 0.0031
gui_mouse_tool -window [gui_get_current_window -types Layout -mru] -add_point {171.653 120.197} -scale 0.0031
gui_mouse_tool -window [gui_get_current_window -types Layout -mru] -add_point {170.017 120.182} -scale 0.0031
gui_zoom -window [gui_get_current_window -types Layout -view] -factor 2 -at_point {171.643 120.210}
gui_mouse_tool -window [gui_get_current_window -types Layout -mru] -reset
gui_mouse_tool -window [gui_get_current_window -types Layout -mru] -add_point {170.068 120.166} -scale 0.0015
gui_mouse_tool -window [gui_get_current_window -types Layout -mru] -add_point {171.755 120.189} -scale 0.0015
gui_mouse_tool -window [gui_get_current_window -types Layout -mru] -add_point {170.065 120.162} -scale 0.0015
gui_mouse_tool -window [gui_get_current_window -types Layout -mru] -add_point {171.736 120.194} -scale 0.0015
gui_mouse_tool -window [gui_get_current_window -types Layout -mru] -add_point {170.046 120.189} -scale 0.0015
gui_zoom -window [gui_get_current_window -types Layout -view] -factor 2 -at_point {171.715 120.189}
gui_mouse_tool -window [gui_get_current_window -types Layout -mru] -reset
gui_zoom -window [gui_get_current_window -types Layout -view] -factor 0.5 -at_point {171.460 120.207}
gui_zoom -window [gui_get_current_window -types Layout -view] -factor 0.5 -at_point {171.458 120.206}
gui_scroll -window [gui_get_current_window -view] -hrel -.2
gui_scroll -window [gui_get_current_window -view] -hrel -.2
gui_zoom -window [gui_get_current_window -types Layout -view] -factor 2 -at_point {169.553 120.194}
gui_zoom -window [gui_get_current_window -types Layout -view] -factor 2 -at_point {169.553 120.195}
gui_mouse_tool -window [gui_get_current_window -types Layout -mru] -add_point {169.347 120.146} -scale 0.0008
gui_zoom -window [gui_get_current_window -types Layout -view] -factor 0.5 -at_point {169.347 120.146}
gui_zoom -window [gui_get_current_window -types Layout -view] -factor 0.5 -at_point {169.347 120.144}
gui_scroll -window [gui_get_current_window -view] -hrel .2
gui_zoom -window [gui_get_current_window -types Layout -view] -factor 2 -at_point {171.179 120.153}
gui_mouse_tool -window [gui_get_current_window -types Layout -mru] -reset
gui_mouse_tool -window [gui_get_current_window -types Layout -mru] -add_point {170.036 120.156} -scale 0.0015
gui_mouse_tool -window [gui_get_current_window -types Layout -mru] -add_point {171.718 120.092} -scale 0.0015
gui_mouse_tool -window [gui_get_current_window -types Layout -mru] -add_point {170.082 120.227} -scale 0.0015
gui_mouse_tool -window [gui_get_current_window -types Layout -mru] -add_point {171.764 120.224} -scale 0.0015
gui_mouse_tool -window [gui_get_current_window -types Layout -mru] -add_point {170.060 120.193} -scale 0.0015
gui_mouse_tool -window [gui_get_current_window -types Layout -mru] -add_point {171.738 120.190} -scale 0.0015
gui_zoom -window [gui_get_current_window -types Layout -view] -factor 0.5 -at_point {170.076 120.213}
check_pg_drc
gui_show_error_data
gui_error_browser -show
gui_set_current_errors -data_name {__cv32e40p_placement_check_legality.err} -group {Spacing}
gui_set_selected_errors -replace [gui_get_errors -data_name {__cv32e40p_placement_check_legality.err} -id {0}] -force
gui_zoom -window [gui_get_current_window -types Layout -view] -factor 0.5 -at_point {148.145 26.359}
gui_zoom -window [gui_get_current_window -types Layout -view] -factor 0.5 -at_point {148.142 26.357}
gui_zoom -window [gui_get_current_window -types Layout -view] -factor 2 -at_point {148.599 26.164}
gui_set_setting -window [gui_get_current_window -types Layout -mru] -setting showLayer_M9 -value false
win_set_filter -visible -class pin -filter {} -layer {27}
win_set_filter -visible -class routing_blockage -layer {27}
win_set_filter -visible -class shape -filter {} -layer {27}
win_set_filter -visible -class via -filter {} -layer {27}
win_set_filter -visible -class terminal -filter {}  -layer {27}
win_set_filter -class pin -filter {} -layer {27}
win_set_filter -class routing_blockage -layer {27}
win_set_filter -class shape -filter {} -layer {27}
win_set_filter -class via -filter {} -layer {27}
gui_mouse_tool -window [gui_get_current_window -types Layout -mru] -add_point {147.643 26.248} -scale 0.004
set_fixed_objects [get_selection] -unfix
gui_mouse_tool -window [gui_get_current_window -types Layout -mru] -add_point {147.515 26.280} -scale 0.004
gui_mouse_tool -window [gui_get_current_window -types Layout -mru] -add_point {147.278 26.284} -scale 0.004
gui_show_error_data
gui_error_browser -show
gui_set_selected_errors -replace [gui_get_errors -data_name {__cv32e40p_placement_check_legality.err} -id {1}] -force
gui_zoom -window [gui_get_current_window -types Layout -view] -factor 0.5 -at_point {148.272 66.997}
gui_mouse_tool -window [gui_get_current_window -types Layout -mru] -add_point {148.407 67.110} -scale 0.004
set_fixed_objects [get_selection] -unfix
gui_mouse_tool -window [gui_get_current_window -types Layout -mru] -add_point {148.543 67.163} -scale 0.004
gui_mouse_tool -window [gui_get_current_window -types Layout -mru] -add_point {148.644 67.163} -scale 0.004
gui_mouse_tool -window [gui_get_current_window -types Layout -mru] -add_point {147.969 67.058} -scale 0.004
set_fixed_objects [get_selection] -unfix
gui_mouse_tool -window [gui_get_current_window -types Layout -mru] -add_point {147.716 66.998} -scale 0.004
gui_mouse_tool -window [gui_get_current_window -types Layout -mru] -add_point {147.668 66.998} -scale 0.004
gui_show_error_data
gui_error_browser -show
gui_set_selected_errors -replace [gui_get_errors -data_name {__cv32e40p_placement_check_legality.err} -id {2}] -force
gui_zoom -window [gui_get_current_window -types Layout -view] -factor 0.5 -at_point {148.465 107.759}
gui_mouse_tool -window [gui_get_current_window -types Layout -mru] -add_point {148.672 107.880} -scale 0.004
set_fixed_objects [get_selection] -unfix
gui_mouse_tool -window [gui_get_current_window -types Layout -mru] -add_point {148.603 107.856} -scale 0.004
gui_mouse_tool -window [gui_get_current_window -types Layout -mru] -add_point {148.700 107.860} -scale 0.004
gui_mouse_tool -window [gui_get_current_window -types Layout -mru] -add_point {147.969 107.852} -scale 0.004
gui_show_error_data
gui_error_browser -show
gui_set_selected_errors -replace [gui_get_errors -data_name {__cv32e40p_placement_check_legality.err} -id {3}] -force
gui_zoom -window [gui_get_current_window -types Layout -view] -factor 0.5 -at_point {147.890 148.610}
gui_zoom -window [gui_get_current_window -types Layout -view] -factor 0.5 -at_point {147.889 148.610}
gui_mouse_tool -window [gui_get_current_window -types Layout -mru] -add_point {148.476 148.774} -scale 0.008
set_fixed_objects [get_selection] -unfix
gui_mouse_tool -window [gui_get_current_window -types Layout -mru] -add_point {148.709 148.734} -scale 0.008
gui_mouse_tool -window [gui_get_current_window -types Layout -mru] -add_point {148.974 148.766} -scale 0.008
gui_mouse_tool -window [gui_get_current_window -types Layout -mru] -add_point {147.610 148.782} -scale 0.008
set_fixed_objects [get_selection] -unfix
gui_mouse_tool -window [gui_get_current_window -types Layout -mru] -add_point {147.730 148.654} -scale 0.008
gui_mouse_tool -window [gui_get_current_window -types Layout -mru] -add_point {147.578 148.654} -scale 0.008
gui_show_error_data
gui_error_browser -show
gui_set_selected_errors -replace [gui_get_errors -data_name {__cv32e40p_placement_check_legality.err} -id {4}] -force
gui_zoom -window [gui_get_current_window -types Layout -view] -factor 0.5 -at_point {148.023 189.428}
gui_mouse_tool -window [gui_get_current_window -types Layout -mru] -add_point {147.680 189.540} -scale 0.004
set_fixed_objects [get_selection] -unfix
gui_mouse_tool -window [gui_get_current_window -types Layout -mru] -add_point {147.733 189.496} -scale 0.004
gui_mouse_tool -window [gui_get_current_window -types Layout -mru] -add_point {147.351 189.516} -scale 0.004
gui_show_error_data
gui_error_browser -show
check_legality
gui_show_error_data
gui_error_browser -show
gui_zoom -window [gui_get_current_window -types Layout -view] -factor 0.5 -at_point {147.271 67.150}
gui_zoom -window [gui_get_current_window -types Layout -view] -factor 0.5 -at_point {147.270 67.150}
gui_zoom -window [gui_get_current_window -types Layout -view] -factor 2 -at_point {149.184 66.951}
gui_zoom -window [gui_get_current_window -types Layout -view] -factor 0.5 -at_point {148.476 66.850}
gui_zoom -window [gui_get_current_window -types Layout -view] -factor 0.5 -at_point {148.476 66.849}
gui_zoom -window [gui_get_current_window -types Layout -view] -factor 0.5 -at_point {148.478 66.893}
gui_zoom -window [gui_get_current_window -types Layout -view] -factor 0.5 -at_point {148.465 66.886}
gui_zoom -window [gui_get_current_window -types Layout -view] -factor 0.5 -at_point {148.474 66.876}
gui_zoom -window [gui_get_current_window -types Layout -view] -factor 0.5 -at_point {148.487 66.910}
gui_zoom -window [gui_get_current_window -types Layout -view] -factor 2 -at_point {148.487 67.686}
gui_zoom -window [gui_get_current_window -types Layout -view] -factor 2 -at_point {153.608 68.928}
gui_zoom -window [gui_get_current_window -types Layout -view] -factor 2 -at_point {153.733 68.798}
gui_zoom -window [gui_get_current_window -types Layout -view] -factor 2 -at_point {153.742 68.629}
gui_zoom -window [gui_get_current_window -types Layout -view] -factor 2 -at_point {148.542 66.639}
gui_zoom -window [gui_get_current_window -types Layout -view] -factor 2 -at_point {148.536 66.693}
gui_mouse_tool -window [gui_get_current_window -types Layout -mru] -add_point {149.217 67.031} -scale 0.0048
gui_mouse_tool -window [gui_get_current_window -types Layout -mru] -add_point {149.304 67.026} -scale 0.0048
gui_mouse_tool -window [gui_get_current_window -types Layout -mru] -add_point {150.029 66.968} -scale 0.0048
gui_mouse_tool -window [gui_get_current_window -types Layout -mru] -add_point {150.459 66.983} -scale 0.0048
gui_mouse_tool -window [gui_get_current_window -types Layout -mru] -add_point {149.314 67.022} -scale 0.0048
gui_mouse_tool -window [gui_get_current_window -types Layout -mru] -add_point {149.623 67.026} -scale 0.0048
gui_mouse_tool -window [gui_get_current_window -types Layout -mru] -add_point {148.753 67.036} -scale 0.0048
gui_mouse_tool -window [gui_get_current_window -types Layout -mru] -add_point {148.980 67.036} -scale 0.0048
gui_mouse_tool -window [gui_get_current_window -types Layout -mru] -add_point {147.902 67.133} -scale 0.0048
gui_mouse_tool -window [gui_get_current_window -types Layout -mru] -add_point {147.999 67.142} -scale 0.0048
check_legality
gui_show_error_data
gui_error_browser -show
gui_zoom -window [gui_get_current_window -types Layout -view] -factor 0.5 -at_point {148.625 107.965}
gui_zoom -window [gui_get_current_window -types Layout -view] -factor 0.5 -at_point {148.626 107.956}
gui_mouse_tool -window [gui_get_current_window -types Layout -mru] -add_point {149.583 108.016} -scale 0.0083
gui_mouse_tool -window [gui_get_current_window -types Layout -mru] -add_point {150.136 107.966} -scale 0.0083
gui_mouse_tool -window [gui_get_current_window -types Layout -mru] -add_point {148.807 107.867} -scale 0.0083
gui_mouse_tool -window [gui_get_current_window -types Layout -mru] -add_point {149.129 107.867} -scale 0.0083
check_legality
gui_show_error_data
gui_error_browser -show
check_routability
check_legality -verbose > ./reports/check_legality.rpt
check_routability -connect_standard_cells_within_pins true > ./reports/routability.rpt
report_congestion  > ./reports/report_congestion.rpt
report_utilization > ./reports/report_utilization_after_place.rpt
report_timing -nosplit -delay_type max -max_paths 5 > ./reports/timing_max_place.rpt
report_timing -nosplit -delay_type min -max_paths 5 > ./reports/timing_min_place.rpt
report_qor > ./reports/report_qor_place.rpt
write_verilog  netlist/cv32e40p.v
save_block -as cv32e40p_placement
gui_error_browser -hide
quit
