Error: Library Compiler executable path is not set. (PT-063)

                                 PrimeTime (R)

               Version O-2018.06-SP1 for linux64 - Jul 19, 2018 

                    Copyright (c) 1988 - 2018 Synopsys, Inc.
   This software and the associated documentation are proprietary to Synopsys,
 Inc. This software may only be used in accordance with the terms and conditions
 of a written license agreement with Synopsys, Inc. All other use, reproduction,
            or distribution of this software is strictly prohibited.
file delete -force ./work
set multi_scenario_working_directory ./work 
./work
create_scenario -name slow_Cmax -image func_fast_Cmax
1
create_scenario -name slow_Cmin -image func_fast_Cmin
1
create_scenario -name fast_Cmax -image func_slow_Cmax
1
create_scenario -name fast_Cmin -image func_slow_Cmin
1
set_host_options -num_processes 4 -max_cores 4
1
start_hosts
Launching 4 Distributed Worker(s)
   1] Launched : sh localhost /home/synopsys/pts/O-2018.06-SP1/bin/pt_shell \
                  -slv_type dmsa_slv -max_cores 4

   2] Launched : sh localhost /home/synopsys/pts/O-2018.06-SP1/bin/pt_shell \
                  -slv_type dmsa_slv -max_cores 4

   3] Launched : sh localhost /home/synopsys/pts/O-2018.06-SP1/bin/pt_shell \
                  -slv_type dmsa_slv -max_cores 4

   4] Launched : sh localhost /home/synopsys/pts/O-2018.06-SP1/bin/pt_shell \
                  -slv_type dmsa_slv -max_cores 4

  ---------------------------------------------------------------------------
  Distributed farm creation timeout   : 21600 seconds
  Waiting for   4 (of   4) workers    : Sun Jun 29 22:47:20 2025
  Waiting for   0 (of   4) workers    : Sun Jun 29 22:47:30 2025
  ---------------------------------------------------------------------------

1
current_session {slow_Cmax slow_Cmin fast_Cmax fast_Cmin}
{"slow_Cmax", "slow_Cmin", "fast_Cmax", "fast_Cmin"}
report_constraints -all_violators > constraint_violations_before.rpt 
report_global_timing > globar_timing_before.rpt
remote_execute {source /mnt/hgfs/Test_GP/DFT/cons/dont_use.tcl}

Start of Master/Slave Task Processing
-------------------------------------
Started    : Command execution in scenario 'slow_Cmax'
Started    : Command execution in scenario 'slow_Cmin'
Started    : Command execution in scenario 'fast_Cmax'
Started    : Command execution in scenario 'fast_Cmin'
Error: could not open script file "/mnt/hgfs/Test_GP/DFT/cons/dont_use.tcl" (CMD-015)
 ( scenario slow_Cmin ) 
Error: could not open script file "/mnt/hgfs/Test_GP/DFT/cons/dont_use.tcl" (CMD-015)
 ( scenario fast_Cmax ) 
Error: could not open script file "/mnt/hgfs/Test_GP/DFT/cons/dont_use.tcl" (CMD-015)
 ( scenario slow_Cmax ) 
Error: could not open script file "/mnt/hgfs/Test_GP/DFT/cons/dont_use.tcl" (CMD-015)
 ( scenario fast_Cmin ) 
Error: 
	Use error_info for more info. (CMD-013)
 ( scenario slow_Cmax ) 
Error: 
	Use error_info for more info. (CMD-013)
 ( scenario fast_Cmax ) 
Error: 
	Use error_info for more info. (CMD-013)
 ( scenario fast_Cmin ) 
Error: 
	Use error_info for more info. (CMD-013)
 ( scenario slow_Cmin ) 
Failed     : Command execution in scenario 'slow_Cmax'
Failed     : Command execution in scenario 'fast_Cmax'
Failed     : Command execution in scenario 'slow_Cmin'
Failed     : Command execution in scenario 'fast_Cmin'
Failed     : Command execution in scenario 'slow_Cmax'
Failed     : Command execution in scenario 'slow_Cmin'
Failed     : Command execution in scenario 'fast_Cmax'
Failed     : Command execution in scenario 'fast_Cmin'
-----------------------------------
End of Master/Slave Task Processing

Error: Errors detected during master/slave task processing. (MS-016)
0
# fix_eco_timing -type setup -buffer_list {SAEDRVT14_BUF_1 SAEDRVT14_BUF_2 SAEDRVT14_BUF_3 SAEDRVT14_BUF_4 SAEDRVT14_BUF_6 SAEDRVT14_BUF_8 SAEDRVT14_BUF_10}
# fix_eco_drc -type max_capacitance -buffer_list {SAEDRVT14_BUF_1 SAEDRVT14_BUF_2 SAEDRVT14_BUF_3 SAEDRVT14_BUF_4 SAEDRVT14_BUF_6 SAEDRVT14_BUF_8 SAEDRVT14_BUF_10}
# report_constraints -all_violators > constraint_violations_after.rpt 
# report_global_timing > globar_timing_after.rpt
# remote_execute {write_changes -o /mnt/hgfs/Test_GP/PnR/prime_time/eco.tcl}
# save_session all_cornerspt_shell> remote_execute {source /mnt/hgfs/GP/DFT/cons/dont_use.tcl}

Start of Master/Slave Task Processing
-------------------------------------
Started    : Command execution in scenario 'fast_Cmin'
Started    : Command execution in scenario 'slow_Cmax'
Started    : Command execution in scenario 'fast_Cmax'
Started    : Command execution in scenario 'slow_Cmin'
Succeeded  : Command execution in scenario 'slow_Cmax'
Succeeded  : Command execution in scenario 'slow_Cmin'
Succeeded  : Command execution in scenario 'fast_Cmin'
Succeeded  : Command execution in scenario 'fast_Cmax'
-----------------------------------
End of Master/Slave Task Processing

1
pt_shell> fix_eco_timing -type setup -buffer_list {SAEDRVT14_BUF_1 SAEDRVT14_BUF_2 SAEDRVT14_B UF_3 SAEDRVT14_BUF_4 SAEDRVT14_BUF_6 SAEDRVT14_BUF_8 SAEDRVT14_BUF_10}
Information: Starting timing fix iteration 1 at [ Sun Jun 29 22:52:01 2025 ]...
Information: Analyzing scenarios...
Information: Checked out license 'PrimeTime-SI' (PT-019)
Information: Checked out license 'PrimeTime-SI' (PT-019)
Information: Checked out license 'PrimeTime-SI' (PT-019)
Information: Checked out license 'PrimeTime-SI' (PT-019)
Information: 0 violating endpoints located in all scenarios... (PTECO-024)
Information: Creating data base for fixing...
Information: Fixing violations...
Information: Finalizing ECO change list...
Information: No more fixes are available.
Information: The timing violation fixing process is complete.

Final ECO Summary:
--------------------------------------------------------
Total number of commands                               0
Total area increased                                0.00

Fixing Summary:
--------------------------------------------------------
Total violating endpoints found                        0
Total violating endpoints fixed                        0
Total violating endpoints remaining                    0
Total percentage of violations fixed                 0.0%

Information: Elapsed time [                8 seconds ]
Information: Completed at [ Sun Jun 29 22:52:09 2025 ]

0
pt_shell> fix_eco_drc -type max_capacitance -buffer_list {SAEDRVT14_BUF_1 SAEDRVT14_BUF_2 SAED RVT14_BUF_3 SAEDRVT14_BUF_4 SAEDRVT14_BUF_6 SAEDRVT14_BUF_8 SAEDRVT14_BUF_10}
Information: Starting DRC fix iteration 1 at [ Sun Jun 29 22:52:16 2025 ]...
Information: Analyzing scenarios...

Available buffers:
Lib_cell               Area
--------------------------------------------------------
SAEDRVT14_BUF_10       0.71
SAEDRVT14_BUF_8        0.62
SAEDRVT14_BUF_6        0.49
SAEDRVT14_BUF_4        0.40
SAEDRVT14_BUF_3        0.36
SAEDRVT14_BUF_2        0.31
SAEDRVT14_BUF_1        0.27

Information: 90 max capacitance violations located in the fast_Cmax scenario... (PTECO-023)
Information: 131 max capacitance violations located in all scenarios... (PTECO-024)
Information: Creating data base for fixing...
Information: Fixing violations...
Information: Finalizing ECO change list...
Information: Starting updating timing at [ Sun Jun 29 22:52:51 2025 ]...
Information: Finished updating timing at [ Sun Jun 29 22:52:59 2025 ]...
Information: 75 cells have been resized.
Information: 15 buffers have been inserted.

Information: Starting DRC fix iteration 2 at [ Sun Jun 29 22:52:59 2025 ]...
Information: Analyzing scenarios...
Information: 0 max capacitance violations located in all scenarios... (PTECO-024)
Information: No more fixes are available.
Information: The DRC violation fixing process is complete.


Remaining Violations:
Scenario                               Total  Unfixable
--------------------------------------------------------
slow_Cmax                                  0          0
slow_Cmin                                  0          0
fast_Cmax                                  0          0
fast_Cmin                                  0          0
--------------------------------------------------------
Total                                      0          0

Inserted buffers:
   Count Lib_cell               Area          Total_area
--------------------------------------------------------
       1 SAEDRVT14_BUF_4        0.40                0.40
       5 SAEDRVT14_BUF_2        0.31                1.55
       9 SAEDRVT14_BUF_3        0.36                3.20
--------------------------------------------------------
      15 TOTAL                                      5.15

Final ECO Summary:
--------------------------------------------------------
Number of size_cell commands                          75
Number of insert_buffer commands                      15
Total number of commands                              90
Area increased by cell sizing                      10.57
Area increased by buffer insertion                  5.15
Total area increased                               15.72

Information: Elapsed time [               44 seconds ]
Information: Completed at [ Sun Jun 29 22:53:00 2025 ]

1
pt_shell> report_constraints -all_violators > constraint_violations_after.rpt 
pt_shell> report_global_timing > globar_timing_after.rpt
pt_shell> remote_execute {write_changes -o /mnt/hgfs/GP/PnR/prime_time/eco.tcl}

Start of Master/Slave Task Processing
-------------------------------------
Started    : Command execution in scenario 'slow_Cmin'
Started    : Command execution in scenario 'slow_Cmax'
Started    : Command execution in scenario 'fast_Cmin'
Started    : Command execution in scenario 'fast_Cmax'
Succeeded  : Command execution in scenario 'fast_Cmax'
Succeeded  : Command execution in scenario 'slow_Cmin'
Succeeded  : Command execution in scenario 'fast_Cmin'
Succeeded  : Command execution in scenario 'slow_Cmax'
-----------------------------------
End of Master/Slave Task Processing

1
pt_shell> save_session all_corners
Saving slave data.....

Start of Master/Slave Task Processing
-------------------------------------
Started    : Command execution in scenario 'fast_Cmax'
Started    : Command execution in scenario 'fast_Cmin'
Started    : Command execution in scenario 'slow_Cmax'
Started    : Command execution in scenario 'slow_Cmin'
Succeeded  : Command execution in scenario 'fast_Cmin'
Succeeded  : Command execution in scenario 'slow_Cmin'
Succeeded  : Command execution in scenario 'slow_Cmax'
Succeeded  : Command execution in scenario 'fast_Cmax'
-----------------------------------
End of Master/Slave Task Processing

1
pt_shell> quit

Timing updates: 0 (0 implicit, 0 explicit) (0 incremental, 0 full, 0 logical)
Noise updates: 0 (0 implicit, 0 explicit) (0 incremental, 0 full)

Maximum memory usage for distributed processes:
AUTO_0          3   localhost          1447.48 MB
                2   localhost          1447.48 MB
                1   localhost          1464.76 MB
                4   localhost          1464.76 MB
CPU time usage for distributed processes:
AUTO_0          3   localhost          61 seconds
                2   localhost          60 seconds
                1   localhost          69 seconds
                4   localhost          59 seconds
Elapsed time for distributed processes:
AUTO_0          3   localhost          468 seconds
                2   localhost          468 seconds
                1   localhost          468 seconds
                4   localhost          468 seconds
Maximum memory usage for this session: 990.28 MB
CPU usage for this session: 1 seconds 
Elapsed time for this session: 476 seconds
Shutting down worker processes ...
 Shutdown Process 3
 Shutdown Process 2
 Shutdown Process 1
 Shutdown Process 4
Diagnostics summary: 2 errors, 12 informationals

Thank you for using pt_shell!
