In mode: Internal_scan...
  Design has scan chains in this mode
  Design is scan routed
  Post-DFT DRC enabled

Information: Starting test design rule checking. (TEST-222)
  Loading test protocol
  ...basic checks...
  ...basic sequential cell checks...
  ...checking vector rules...
  ...checking clock rules...
  ...checking scan chain rules...
  ...checking scan compression rules...
  ...checking X-state rules...
  ...checking tristate rules...
  ...extracting scan details...

-----------------------------------------------------------------
  DRC Report

  Total violations: 0

-----------------------------------------------------------------


Test Design rule checking did not find violations

-----------------------------------------------------------------
  Sequential Cell Report

  1 out of 2403 sequential cells have violations

-----------------------------------------------------------------

SEQUENTIAL CELLS WITH VIOLATIONS
      *   1 cell is a clock gating cell
SEQUENTIAL CELLS WITHOUT VIOLATIONS
      *2402 cells are valid scan cells

Information: Test design rule checking completed. (TEST-123)
  Running test coverage estimation...
 242848 faults were added to fault list.
 0           99300 110285         1/0/0    53.88%      0.83
 0           23267  87018         1/0/0    63.61%      1.39
 0           11465  75552         2/0/0    68.40%      1.84
 0           10983  64568         3/0/1    73.00%      2.26
 0            5288  59280         3/0/1    75.21%      2.58
 0            5882  53398         3/0/2    77.67%      2.88
 0            8474  44923         4/0/3    81.21%      3.15
 0            3533  41389         5/0/4    82.69%      3.42
 0            4139  37249         6/0/5    84.42%      3.66
 0            2878  34369         7/0/7    85.62%      3.95
 0            2673  31695         8/0/7    86.74%      4.18
 0            2441  29253         9/0/8    87.76%      4.45
 0            1553  27698        11/0/8    88.41%      4.71
 0            2340  25357        12/0/9    89.39%      4.91
 0            1746  23610        13/0/9    90.12%      5.13
 0            1621  21985        16/0/9    90.80%      5.35
 0            1482  20499        18/0/9    91.42%      5.55
 0            1760  18734       21/0/10    92.16%      5.75
 0             880  17848       26/1/14    92.53%      5.99
 0             990  16854       28/1/15    92.95%      6.19
 0            1116  15731       30/1/16    93.42%      6.39
 0            1049  14678       34/1/20    93.86%      6.60
 0             642  14034       35/1/23    94.13%      6.80
 0             580  13448       38/1/23    94.37%      6.99
 0             819  12618       43/1/26    94.72%      7.24
 0             652  11962       47/1/26    94.99%      7.45
 0             681  11277       50/1/27    95.28%      7.63
 0             778  10493       54/2/30    95.61%      7.83
 0             448  10042       57/2/31    95.79%      8.00
 0             491   9539       67/2/35    96.00%      8.24
 0             434   9098       72/2/38    96.19%      8.47
 0             280   8810       78/2/43    96.31%      8.74
 0             513   8285       88/2/44    96.53%      9.00
 0             277   8005       90/2/44    96.65%      9.21
 0             381   7617       94/3/46    96.81%      9.43
 0             382   7228       98/3/48    96.97%      9.63
 0             260   6957      105/3/52    97.08%      9.90
 0             292   6660      109/3/55    97.21%     10.10
 0             174   6481      112/3/55    97.28%     10.26
 0             286   6181      118/3/56    97.41%     10.46
 0             179   5988      126/3/61    97.49%     10.71
 0             207   5770      132/3/65    97.58%     10.96
 0             173   5588      136/4/67    97.65%     11.15
 0             208   5363      147/4/68    97.75%     11.40
 0             109   5234      158/4/71    97.80%     11.64
 0             148   5072      164/5/76    97.87%     11.86
 0             267   4794      172/5/79    97.99%     12.12
 0             209   4572      181/5/82    98.08%     12.35
 0             128   4430      190/5/87    98.14%     12.58
 0             124   4286      207/5/94    98.20%     12.98
 0             113   4153      215/7/97    98.25%     13.24
 0             149   3993     220/8/101    98.32%     13.46
 0             110   3870     229/8/105    98.37%     13.67
 0             154   3699     242/8/111    98.44%     13.90
 0             164   3519     254/8/114    98.52%     14.15
 0              87   3418     262/8/117    98.56%     14.40
 0              90   3247     317/8/123    98.63%     14.76
 0              79   3159     325/8/126    98.67%     14.97
 0              66   3083     330/8/131    98.70%     15.18
 0             104   2968     338/8/135    98.75%     15.39
 0              91   2867     345/9/144    98.79%     15.65
 0              84   2768     355/9/147    98.83%     15.87
 0              70   2584     415/9/151    98.91%     16.20
 0             146   2422    425/10/155    98.97%     16.47
 0             127   2278    435/10/161    99.03%     16.75
 0              67   2196    443/10/164    99.07%     16.97
 0              71   2117    450/10/168    99.10%     17.21
 0              85   2018    460/10/173    99.14%     17.48
 0              65   1942    467/10/176    99.17%     17.72
 0              75   1853    477/11/178    99.21%     17.95
 0             106   1733    486/11/183    99.26%     18.19
 0              85   1506    578/11/193    99.36%     18.63
 0              54   1441    588/11/198    99.38%     18.92
 0              68   1348    603/11/201    99.42%     19.19
 0              57   1279    613/11/208    99.45%     19.40
 0              66   1192    622/11/210    99.49%     19.65
 0              95   1089    627/11/214    99.53%     19.92
 0              52   1020    639/11/219    99.56%     20.12
 0              59    943    648/11/222    99.59%     20.31
 0              73    858    658/11/224    99.63%     20.57
 0              51    795    666/11/227    99.65%     20.79
 0              49    737    674/11/229    99.68%     21.01
 0              56    672    680/11/230    99.71%     21.23
 0              65    598    687/11/232    99.74%     21.49
 0              46    533    696/12/233    99.76%     21.80
 0              57    469    702/12/234    99.79%     21.97
 0              41    416    712/12/236    99.81%     22.17
 0              45    355    724/12/239    99.84%     22.36
 0              50    301    728/12/240    99.86%     22.67
 0              31    258    736/12/241    99.88%     22.76
 
            Pattern Summary Report
 -----------------------------------------------
 #internal patterns                           0
 -----------------------------------------------
 

     Uncollapsed Stuck Fault Summary Report
 -----------------------------------------------
 fault class                     code   #faults
 ------------------------------  ----  ---------
 Detected                         DT     237735
 Possibly detected                PT          0
 Undetectable                     UD       4826
 ATPG untestable                  AU         29
 Not detected                     ND        258
 -----------------------------------------------
 total faults                            242848
 test coverage                            99.88%
 -----------------------------------------------
  Information: The test coverage above may be inferior
               than the real test coverage with customized
               protocol and test simulation library.
1
