****************************************************

Info:  Net Imp:/WORK/cv32e40p_prefetch_controller_PULP_OBI0_COREV_PULP0_DEPTH2_DW01_add_0/SUM[1] is undriven.
Info:  Net Imp:/WORK/cv32e40p_prefetch_controller_PULP_OBI0_COREV_PULP0_DEPTH2_DW01_add_0/SUM[0] is undriven.
Info:  Net Imp:/WORK/cv32e40p_prefetch_controller_PULP_OBI0_COREV_PULP0_DEPTH2_DW01_add_0/CO is undriven.
Info:  Net Imp:/WORK/cv32e40p_aligner_DW01_add_0/CO is undriven.
Info:  Net Imp:/WORK/cv32e40p_aligner_DW01_add_1/CO is undriven.
Info:  Net Imp:/WORK/cv32e40p_if_stage_COREV_PULP0_PULP_OBI0_PULP_SECURE0_FPU0_ZFINX0_test_1_DW01_add_0/SUM[0] is undriven.
Info:  Net Imp:/WORK/cv32e40p_if_stage_COREV_PULP0_PULP_OBI0_PULP_SECURE0_FPU0_ZFINX0_test_1_DW01_add_0/CO is undriven.
Info:  Net Imp:/WORK/cv32e40p_id_stage_COREV_PULP0_COREV_CLUSTER0_N_HWLP2_PULP_SECURE0_USE_PMP0_A_EXTENSION0_APU0_FPU0_FPU_ADDMUL_LAT0_FPU_OTHERS_LAT0_ZFINX0_APU_NARGS_CPU3_APU_WOP_CPU6_APU_NDSFLAGS_CPU15_APU_NUSFLAGS_CPU5_DEBUG_TRIGGER_EN1_DW01_add_5/CO is undriven.
Info:  Net Imp:/WORK/cv32e40p_id_stage_COREV_PULP0_COREV_CLUSTER0_N_HWLP2_PULP_SECURE0_USE_PMP0_A_EXTENSION0_APU0_FPU0_FPU_ADDMUL_LAT0_FPU_OTHERS_LAT0_ZFINX0_APU_NARGS_CPU3_APU_WOP_CPU6_APU_NDSFLAGS_CPU15_APU_NUSFLAGS_CPU5_DEBUG_TRIGGER_EN1_DW01_add_7/CO is undriven.
Info:  Net Imp:/WORK/cv32e40p_id_stage_COREV_PULP0_COREV_CLUSTER0_N_HWLP2_PULP_SECURE0_USE_PMP0_A_EXTENSION0_APU0_FPU0_FPU_ADDMUL_LAT0_FPU_OTHERS_LAT0_ZFINX0_APU_NARGS_CPU3_APU_WOP_CPU6_APU_NDSFLAGS_CPU15_APU_NUSFLAGS_CPU5_DEBUG_TRIGGER_EN1_test_1_DW01_add_2/CO is undriven.
Info:  Net Imp:/WORK/cv32e40p_alu_div_DW01_sub_0/CO is undriven.
Info:  Net Imp:/WORK/cv32e40p_alu_div_DW01_add_0/CO is undriven.
Info:  Net Imp:/WORK/cv32e40p_alu_div_DW01_sub_1/CO is undriven.
Info:  Net Imp:/WORK/cv32e40p_alu_div_DW01_cmp6_0/LT is undriven.
Info:  Net Imp:/WORK/cv32e40p_alu_div_DW01_cmp6_0/LE is undriven.
Info:  Net Imp:/WORK/cv32e40p_alu_div_DW01_cmp6_0/GE is undriven.
Info:  Net Imp:/WORK/cv32e40p_alu_div_DW01_cmp6_0/NE is undriven.
Info:  Net Imp:/WORK/cv32e40p_alu_DW01_cmp6_4/LT is undriven.
Info:  Net Imp:/WORK/cv32e40p_alu_DW01_cmp6_4/GT is undriven.
Info:  Net Imp:/WORK/cv32e40p_alu_DW01_cmp6_4/LE is undriven.
Info:  Net Imp:/WORK/cv32e40p_alu_DW01_cmp6_4/GE is undriven.
Info:  Net Imp:/WORK/cv32e40p_alu_DW01_cmp6_4/NE is undriven.
Info:  Net Imp:/WORK/cv32e40p_alu_DW_rash_0/B[62] is undriven.
Info:  Net Imp:/WORK/cv32e40p_alu_DW_rash_0/B[61] is undriven.
Info:  Net Imp:/WORK/cv32e40p_alu_DW_rash_0/B[60] is undriven.
Info:  Net Imp:/WORK/cv32e40p_alu_DW_rash_0/B[59] is undriven.
Info:  Net Imp:/WORK/cv32e40p_alu_DW_rash_0/B[58] is undriven.
Info:  Net Imp:/WORK/cv32e40p_alu_DW_rash_0/B[57] is undriven.
Info:  Net Imp:/WORK/cv32e40p_alu_DW_rash_0/B[56] is undriven.
Info:  Net Imp:/WORK/cv32e40p_alu_DW_rash_0/B[55] is undriven.
Info:  Net Imp:/WORK/cv32e40p_alu_DW_rash_0/B[54] is undriven.
Info:  Net Imp:/WORK/cv32e40p_alu_DW_rash_0/B[53] is undriven.
Info:  Net Imp:/WORK/cv32e40p_alu_DW_rash_0/B[52] is undriven.
Info:  Net Imp:/WORK/cv32e40p_alu_DW_rash_0/B[51] is undriven.
Info:  Net Imp:/WORK/cv32e40p_alu_DW_rash_0/B[50] is undriven.
Info:  Net Imp:/WORK/cv32e40p_alu_DW_rash_0/B[49] is undriven.
Info:  Net Imp:/WORK/cv32e40p_alu_DW_rash_0/B[48] is undriven.
Info:  Net Imp:/WORK/cv32e40p_alu_DW_rash_0/B[47] is undriven.
Info:  Net Imp:/WORK/cv32e40p_alu_DW_rash_0/B[46] is undriven.
Info:  Net Imp:/WORK/cv32e40p_alu_DW_rash_0/B[45] is undriven.
Info:  Net Imp:/WORK/cv32e40p_alu_DW_rash_0/B[44] is undriven.
Info:  Net Imp:/WORK/cv32e40p_alu_DW_rash_0/B[43] is undriven.
Info:  Net Imp:/WORK/cv32e40p_alu_DW_rash_0/B[42] is undriven.
Info:  Net Imp:/WORK/cv32e40p_alu_DW_rash_0/B[41] is undriven.
Info:  Net Imp:/WORK/cv32e40p_alu_DW_rash_0/B[40] is undriven.
Info:  Net Imp:/WORK/cv32e40p_alu_DW_rash_0/B[39] is undriven.
Info:  Net Imp:/WORK/cv32e40p_alu_DW_rash_0/B[38] is undriven.
Info:  Net Imp:/WORK/cv32e40p_alu_DW_rash_0/B[37] is undriven.
Info:  Net Imp:/WORK/cv32e40p_alu_DW_rash_0/B[36] is undriven.
Info:  Net Imp:/WORK/cv32e40p_alu_DW_rash_0/B[35] is undriven.
Info:  Net Imp:/WORK/cv32e40p_alu_DW_rash_0/B[34] is undriven.
Info:  Net Imp:/WORK/cv32e40p_alu_DW_rash_0/B[33] is undriven.
Info:  Net Imp:/WORK/cv32e40p_alu_DW_rash_0/B[32] is undriven.
Info:  Net Imp:/WORK/cv32e40p_alu_DW01_add_1/CO is undriven.
Info:  Net Imp:/WORK/cv32e40p_alu_DW01_ash_1/B[16] is undriven.
Info:  Net Imp:/WORK/cv32e40p_alu_DW01_ash_1/B[0] is undriven.
Info:  Net Imp:/WORK/cv32e40p_alu_DW01_add_2/SUM[27] is undriven.
Info:  Net Imp:/WORK/cv32e40p_alu_DW01_add_2/SUM[18] is undriven.
Info:  Net Imp:/WORK/cv32e40p_alu_DW01_add_2/SUM[9] is undriven.
Info:  Net Imp:/WORK/cv32e40p_alu_DW01_add_2/SUM[0] is undriven.
Info:  Net Imp:/WORK/cv32e40p_alu_DW01_add_2/CO is undriven.
Info:  Net Imp:/WORK/cv32e40p_mult_DW_rash_1/B[33] is undriven.
Info:  Net Imp:/WORK/cv32e40p_mult_DW_rash_1/B[32] is undriven.
Info:  Net Imp:/WORK/cv32e40p_mult_DW01_ash_0/B[0] is undriven.
Info:  Net Imp:/WORK/cv32e40p_mult_DW01_add_17/CO is undriven.
Info:  Net Imp:/WORK/cv32e40p_mult_DW01_add_16/CO is undriven.
Info:  Net Imp:/WORK/cv32e40p_mult_DW01_add_15/CO is undriven.
Info:  Net Imp:/WORK/cv32e40p_mult_DW02_mult_6/PRODUCT[33] is undriven.
Info:  Net Imp:/WORK/cv32e40p_mult_DW02_mult_6/PRODUCT[32] is undriven.
Info:  Net Imp:/WORK/cv32e40p_mult_DW01_add_14/SUM[31] is undriven.
Info:  Net Imp:/WORK/cv32e40p_mult_DW01_add_14/SUM[30] is undriven.
Info:  Net Imp:/WORK/cv32e40p_mult_DW01_add_14/CO is undriven.
Info:  Net Imp:/WORK/cv32e40p_mult_DW02_mult_5/PRODUCT[33] is undriven.
Info:  Net Imp:/WORK/cv32e40p_mult_DW02_mult_5/PRODUCT[32] is undriven.
Info:  Net Imp:/WORK/cv32e40p_mult_DW01_add_13/SUM[31] is undriven.
Info:  Net Imp:/WORK/cv32e40p_mult_DW01_add_13/SUM[30] is undriven.
Info:  Net Imp:/WORK/cv32e40p_mult_DW01_add_13/CO is undriven.
Info:  Net Imp:/WORK/cv32e40p_mult_DW01_add_12/CO is undriven.
Info:  Net Imp:/WORK/cv32e40p_mult_DW01_add_11/CO is undriven.
Info:  Net Imp:/WORK/cv32e40p_mult_DW01_add_10/CO is undriven.
Info:  Net Imp:/WORK/cv32e40p_mult_DW02_mult_4/PRODUCT[63] is undriven.
Info:  Net Imp:/WORK/cv32e40p_mult_DW02_mult_4/PRODUCT[62] is undriven.
Info:  Net Imp:/WORK/cv32e40p_mult_DW02_mult_4/PRODUCT[61] is undriven.
Info:  Net Imp:/WORK/cv32e40p_mult_DW02_mult_4/PRODUCT[60] is undriven.
Info:  Net Imp:/WORK/cv32e40p_mult_DW02_mult_4/PRODUCT[59] is undriven.
Info:  Net Imp:/WORK/cv32e40p_mult_DW02_mult_4/PRODUCT[58] is undriven.
Info:  Net Imp:/WORK/cv32e40p_mult_DW02_mult_4/PRODUCT[57] is undriven.
Info:  Net Imp:/WORK/cv32e40p_mult_DW02_mult_4/PRODUCT[56] is undriven.
Info:  Net Imp:/WORK/cv32e40p_mult_DW02_mult_4/PRODUCT[55] is undriven.
Info:  Net Imp:/WORK/cv32e40p_mult_DW02_mult_4/PRODUCT[54] is undriven.
Info:  Net Imp:/WORK/cv32e40p_mult_DW02_mult_4/PRODUCT[53] is undriven.
Info:  Net Imp:/WORK/cv32e40p_mult_DW02_mult_4/PRODUCT[52] is undriven.
Info:  Net Imp:/WORK/cv32e40p_mult_DW02_mult_4/PRODUCT[51] is undriven.
Info:  Net Imp:/WORK/cv32e40p_mult_DW02_mult_4/PRODUCT[50] is undriven.
Info:  Net Imp:/WORK/cv32e40p_mult_DW02_mult_4/PRODUCT[49] is undriven.
Info:  Net Imp:/WORK/cv32e40p_mult_DW02_mult_4/PRODUCT[48] is undriven.
Info:  Net Imp:/WORK/cv32e40p_mult_DW02_mult_4/PRODUCT[47] is undriven.
Info:  Net Imp:/WORK/cv32e40p_mult_DW02_mult_4/PRODUCT[46] is undriven.
Info:  Net Imp:/WORK/cv32e40p_mult_DW02_mult_4/PRODUCT[45] is undriven.
Info:  Net Imp:/WORK/cv32e40p_mult_DW02_mult_4/PRODUCT[44] is undriven.
Info:  Net Imp:/WORK/cv32e40p_mult_DW02_mult_4/PRODUCT[43] is undriven.
Info:  Net Imp:/WORK/cv32e40p_mult_DW02_mult_4/PRODUCT[42] is undriven.
Info:  Net Imp:/WORK/cv32e40p_mult_DW02_mult_4/PRODUCT[41] is undriven.
Info:  Net Imp:/WORK/cv32e40p_mult_DW02_mult_4/PRODUCT[40] is undriven.
Info:  Net Imp:/WORK/cv32e40p_mult_DW02_mult_4/PRODUCT[39] is undriven.
Info:  Net Imp:/WORK/cv32e40p_mult_DW02_mult_4/PRODUCT[38] is undriven.
Info:  Net Imp:/WORK/cv32e40p_mult_DW02_mult_4/PRODUCT[37] is undriven.
Info:  Net Imp:/WORK/cv32e40p_mult_DW02_mult_4/PRODUCT[36] is undriven.
Info:  Net Imp:/WORK/cv32e40p_mult_DW02_mult_4/PRODUCT[35] is undriven.
Info:  Net Imp:/WORK/cv32e40p_mult_DW02_mult_4/PRODUCT[34] is undriven.
Info:  Net Imp:/WORK/cv32e40p_mult_DW02_mult_4/PRODUCT[33] is undriven.
Info:  Net Imp:/WORK/cv32e40p_mult_DW02_mult_4/PRODUCT[32] is undriven.
Info:  Net Imp:/WORK/cv32e40p_mult_DW01_add_8/CO is undriven.
Info:  Net Imp:/WORK/cv32e40p_mult_DW01_add_7/CO is undriven.
Info:  Net Imp:/WORK/cv32e40p_mult_DW01_add_6/CO is undriven.
Info:  Net Imp:/WORK/cv32e40p_mult_DW01_add_5/CO is undriven.
Info:  Net Imp:/WORK/cv32e40p_mult_DW01_add_4/CO is undriven.
Info:  Net Imp:/WORK/cv32e40p_mult_DW01_add_3/CO is undriven.
Info:  Net Imp:/WORK/cv32e40p_mult_DW01_add_2/CO is undriven.
Info:  Net Imp:/WORK/cv32e40p_mult_DW01_add_1/CO is undriven.
Info:  Net Imp:/WORK/cv32e40p_mult_DW01_add_0/CO is undriven.
Info:  Net Imp:/WORK/cv32e40p_load_store_unit_PULP_OBI0_DW02_mult_0/PRODUCT[32] is undriven.
Info:  Net Imp:/WORK/cv32e40p_load_store_unit_PULP_OBI0_test_1_DW01_add_0/CO is undriven.
Info:  Net Imp:/WORK/cv32e40p_cs_registers_N_HWLP2_APU0_A_EXTENSION0_FPU0_ZFINX0_PULP_SECURE0_USE_PMP0_N_PMP_ENTRIES16_NUM_MHPMCOUNTERS1_COREV_PULP0_COREV_CLUSTER0_DEBUG_TRIGGER_EN1_DW01_cmp6_0/LT is undriven.
Info:  Net Imp:/WORK/cv32e40p_cs_registers_N_HWLP2_APU0_A_EXTENSION0_FPU0_ZFINX0_PULP_SECURE0_USE_PMP0_N_PMP_ENTRIES16_NUM_MHPMCOUNTERS1_COREV_PULP0_COREV_CLUSTER0_DEBUG_TRIGGER_EN1_DW01_cmp6_0/GT is undriven.
Info:  Net Imp:/WORK/cv32e40p_cs_registers_N_HWLP2_APU0_A_EXTENSION0_FPU0_ZFINX0_PULP_SECURE0_USE_PMP0_N_PMP_ENTRIES16_NUM_MHPMCOUNTERS1_COREV_PULP0_COREV_CLUSTER0_DEBUG_TRIGGER_EN1_DW01_cmp6_0/LE is undriven.
Info:  Net Imp:/WORK/cv32e40p_cs_registers_N_HWLP2_APU0_A_EXTENSION0_FPU0_ZFINX0_PULP_SECURE0_USE_PMP0_N_PMP_ENTRIES16_NUM_MHPMCOUNTERS1_COREV_PULP0_COREV_CLUSTER0_DEBUG_TRIGGER_EN1_DW01_cmp6_0/GE is undriven.
Info:  Net Imp:/WORK/cv32e40p_cs_registers_N_HWLP2_APU0_A_EXTENSION0_FPU0_ZFINX0_PULP_SECURE0_USE_PMP0_N_PMP_ENTRIES16_NUM_MHPMCOUNTERS1_COREV_PULP0_COREV_CLUSTER0_DEBUG_TRIGGER_EN1_DW01_cmp6_0/NE is undriven.
Info:  guide_instance_map 2 (Line: 82)  Cannot find instance reference 'U0_mux2X1'.
Info:  SVF Operation 2 (Line: 82) - instance_map.  Status: rejected

Info:  SVF Operation 20 (Line: 157) - replace.  Status: rejected

Info:  SVF Operation 61 (Line: 337) - replace.  Status: rejected

Info:  guide_uniquify 78 (Line: 417)  Cannot find object "U0_mux2X1" in design 'cv32e40p_top'.
Info:  guide_uniquify 78 (Line: 417)  Cannot find object "U1_mux2X1" in design 'cv32e40p_top'.
Info:  guide_uniquify 78 (Line: 417)  Cannot find object "U2_mux2X1" in design 'cv32e40p_top'.
Info:  SVF Operation 133 (Line: 787) - transformation_tree.  Status: rejected

Info:  SVF Operation 134 (Line: 801) - transformation_tree.  Status: rejected

Info:  SVF Operation 135 (Line: 821) - transformation_tree.  Status: rejected

Info:  SVF Operation 136 (Line: 835) - transformation_tree.  Status: rejected

Info:  SVF Operation 163 (Line: 1136) - transformation_tree.  Status: rejected

Info:  guide_uniquify 402 (Line: 3033)  Cannot find object "U2_mux2X1" in design 'cv32e40p_top'.
Info:  guide_uniquify 402 (Line: 3033)  Cannot find object "U1_mux2X1" in design 'cv32e40p_top'.
Info:  guide_uniquify 402 (Line: 3033)  Cannot find object "U2_mux2X1/U1" in design 'cv32e40p_top'.
Info:  guide_uniquify 402 (Line: 3033)  Cannot find object "U1_mux2X1/U1" in design 'cv32e40p_top'.
Info:  guide_uniquify 402 (Line: 3033)  Cannot find object "U0_mux2X1/U1" in design 'cv32e40p_top'.
Info:  guide_transformation 405 (Line: 3063)  Could not find pre_resource 'add_18_root_add_60' in design 'cv32e40p_popcnt'.
Info:  guide_transformation 405 (Line: 3063)  Could not find pre_resource 'add_19_root_add_60' in design 'cv32e40p_popcnt'.
Info:  guide_transformation 405 (Line: 3063)  Could not find pre_resource 'add_14_root_add_60' in design 'cv32e40p_popcnt'.
Info:  guide_transformation 405 (Line: 3063)  Could not find pre_resource 'add_15_root_add_60' in design 'cv32e40p_popcnt'.
Info:  guide_transformation 405 (Line: 3063)  Could not find pre_resource 'add_12_root_add_60' in design 'cv32e40p_popcnt'.
Info:  guide_transformation 405 (Line: 3063)  Could not find pre_resource 'add_16_root_add_60' in design 'cv32e40p_popcnt'.
Info:  guide_transformation 405 (Line: 3063)  Could not find pre_resource 'add_17_root_add_60' in design 'cv32e40p_popcnt'.
Info:  guide_transformation 405 (Line: 3063)  Could not find pre_resource 'add_13_root_add_60' in design 'cv32e40p_popcnt'.
Info:  guide_transformation 405 (Line: 3063)  Could not find pre_resource 'add_11_root_add_60' in design 'cv32e40p_popcnt'.
Info:  SVF Operation 405 (Line: 3063) - transformation_tree.  Status: rejected

Info:  guide_transformation 426 (Line: 3329)  Could not find pre_resource 'add_1_root_add_271_4' in design 'cv32e40p_mult'.
Info:  guide_transformation 426 (Line: 3329)  Could not find pre_resource 'add_0_root_add_271_4' in design 'cv32e40p_mult'.
Info:  SVF Operation 426 (Line: 3329) - transformation_tree.  Status: rejected

Info:  guide_transformation 435 (Line: 3431)  Could not find pre_resource 'add_1_root_add_224_2' in design 'cv32e40p_mult'.
Info:  guide_transformation 435 (Line: 3431)  Could not find pre_resource 'add_0_root_add_224_2' in design 'cv32e40p_mult'.
Info:  SVF Operation 435 (Line: 3431) - transformation_tree.  Status: rejected

Info:  guide_transformation 439 (Line: 3478)  Could not find pre_resource 'add_1_root_add_305_2' in design 'cv32e40p_mult'.
Info:  guide_transformation 439 (Line: 3478)  Could not find pre_resource 'add_0_root_add_305_2' in design 'cv32e40p_mult'.
Info:  SVF Operation 439 (Line: 3478) - transformation_tree.  Status: rejected

Info:  guide_transformation 444 (Line: 3536)  Could not find pre_resource 'add_1_root_add_111_2' in design 'cv32e40p_mult'.
Info:  guide_transformation 444 (Line: 3536)  Could not find pre_resource 'add_0_root_add_111_2' in design 'cv32e40p_mult'.
Info:  SVF Operation 444 (Line: 3536) - transformation_tree.  Status: rejected

Info:  guide_uniquify 448 (Line: 3583)  Cannot find object "core_i/load_store_unit_i/dp_cluster_0/mult_add_346_aco" in design 'cv32e40p_top'.
Info:  SVF Operation 448 (Line: 3583) - uniquify.  Status: rejected
Info:  guide_uniquify 449 (Line: 3587)  Cannot find object "core_i/ex_stage_i/mult_i/dp_cluster_3/mult_266" in design 'cv32e40p_top'.
Info:  SVF Operation 449 (Line: 3587) - uniquify.  Status: rejected
Info:  guide_uniquify 450 (Line: 3591)  Cannot find object "core_i/ex_stage_i/mult_i/dp_cluster_3/mult_267" in design 'cv32e40p_top'.
Info:  SVF Operation 450 (Line: 3591) - uniquify.  Status: rejected
Info:  guide_uniquify 451 (Line: 3595)  Cannot find object "core_i/ex_stage_i/mult_i/dp_cluster_3/mult_268" in design 'cv32e40p_top'.
Info:  SVF Operation 451 (Line: 3595) - uniquify.  Status: rejected
Info:  guide_uniquify 452 (Line: 3599)  Cannot find object "core_i/ex_stage_i/mult_i/dp_cluster_3/mult_269" in design 'cv32e40p_top'.
Info:  SVF Operation 452 (Line: 3599) - uniquify.  Status: rejected
Info:  guide_uniquify 453 (Line: 3603)  Cannot find object "core_i/ex_stage_i/mult_i/dp_cluster_2/mult_224" in design 'cv32e40p_top'.
Info:  SVF Operation 453 (Line: 3603) - uniquify.  Status: rejected
Info:  guide_uniquify 454 (Line: 3607)  Cannot find object "core_i/ex_stage_i/mult_i/dp_cluster_1/mult_300" in design 'cv32e40p_top'.
Info:  SVF Operation 454 (Line: 3607) - uniquify.  Status: rejected
Info:  guide_uniquify 455 (Line: 3611)  Cannot find object "core_i/ex_stage_i/mult_i/dp_cluster_1/mult_299" in design 'cv32e40p_top'.
Info:  SVF Operation 455 (Line: 3611) - uniquify.  Status: rejected
Info:  guide_uniquify 456 (Line: 3615)  Cannot find object "core_i/ex_stage_i/mult_i/dp_cluster_0/mult_110" in design 'cv32e40p_top'.
Info:  guide_multiplier 602 (Line: 4489) Cannot find reference cell for instance 'core_i/load_store_unit_i/mult_add_346_aco' in design 'cv32e40p_top'.
Info:  guide_multiplier 602 (Line: 4489) Cannot find reference cell for instance 'core_i/load_store_unit_i/mult_add_346_aco' in design 'cv32e40p_top'.
Info:  guide_multiplier 602 (Line: 4489) Cannot find reference cell for instance 'core_i/load_store_unit_i/mult_add_346_aco' in design 'cv32e40p_top'.
Info:  SVF Operation 602 (Line: 4489) - multiplier.  Status: rejected

Info:  Pre-verification of Ref:/WORK/cv32e40p_mult/mult_110 SUCCEEDED.
Info:  Pre-verification of Ref:/WORK/cv32e40p_mult/mult_224 SUCCEEDED.
Info:  Pre-verification of Ref:/WORK/cv32e40p_mult/mult_266 SUCCEEDED.
Info:  Pre-verification of Ref:/WORK/cv32e40p_mult/mult_267 SUCCEEDED.
Info:  Pre-verification of Ref:/WORK/cv32e40p_mult/mult_268 SUCCEEDED.
Info:  Pre-verification of Ref:/WORK/cv32e40p_mult/mult_269 SUCCEEDED.
Info:  Pre-verification of Ref:/WORK/cv32e40p_mult/mult_299 SUCCEEDED.
Info:  Pre-verification of Ref:/WORK/cv32e40p_mult/mult_300 SUCCEEDED.
Info:  guide_ununiquify 631 (Line: 4616)  Cannot find object "U1_mux2X1" in design 'cv32e40p_top'.
Info:  guide_ununiquify 631 (Line: 4616)  Cannot find object "U0_mux2X1" in design 'cv32e40p_top'.
Info:  guide_uniquify 632 (Line: 4621)  Cannot find object "U2_mux2X1" in design 'cv32e40p_top'.
Info:  guide_uniquify 632 (Line: 4621)  Cannot find object "U1_mux2X1" in design 'cv32e40p_top'.
Info:  guide_uniquify 632 (Line: 4621)  Cannot find object "U0_mux2X1" in design 'cv32e40p_top'.
****************************************************

