Name     WidthMltplr SpacingMltplr TaperDist DriverTaperDist TaperOverPinLayers TaperUnderPinLayers DriverTaperOverPinLayers DriverTaperUnderPinLayers ParallelWireLayers
-------------------------------------------------------------------------------------------------------------------------------------------------------------------------
clknet_NDR
         2           2

         --------------------------------------------------------------------------------------
         Layer     Width     ShieldWth ShieldSpc Snap2Trck RdlTaperDist RdlTaperWidth Mask
         --------------------------------------------------------------------------------------

         M1        0.07

                   ---------------------------------------
                   Index     Spacing   Weight    Threshold
                   ---------------------------------------
                   0         0.05      hard      0.00

         M2        0.07

                   ---------------------------------------
                   Index     Spacing   Weight    Threshold
                   ---------------------------------------
                   0         0.05      hard      0.00

         M3        0.07

                   ---------------------------------------
                   Index     Spacing   Weight    Threshold
                   ---------------------------------------
                   0         0.05      hard      0.00

         M4        0.12

                   ---------------------------------------
                   Index     Spacing   Weight    Threshold
                   ---------------------------------------
                   0         0.08      hard      0.00

         M5        0.12

                   ---------------------------------------
                   Index     Spacing   Weight    Threshold
                   ---------------------------------------
                   0         0.08      hard      0.00

         M6        0.12

                   ---------------------------------------
                   Index     Spacing   Weight    Threshold
                   ---------------------------------------
                   0         0.08      hard      0.00

         M7        0.12

                   ---------------------------------------
                   Index     Spacing   Weight    Threshold
                   ---------------------------------------
                   0         0.08      hard      0.00

         M8        0.12

                   ---------------------------------------
                   Index     Spacing   Weight    Threshold
                   ---------------------------------------
                   0         0.08      hard      0.00

         M9        0.12

                   ---------------------------------------
                   Index     Spacing   Weight    Threshold
                   ---------------------------------------
                   0         0.08      hard      0.00

         MRDL      4.00

                   ---------------------------------------
                   Index     Spacing   Weight    Threshold
                   ---------------------------------------
                   0         4.00      hard      0.00
1
