****************************************
Report : report_utilization
Design : cv32e40p_top
Version: O-2018.06-SP1
Date   : Sun Jun 29 19:11:25 2025
****************************************
Utilization Ratio:			0.3810
Utilization options:
 - Area calculation based on:		site_row of block cv32e40p_routing
 - Categories of objects excluded:	hard_macros macro_keepouts soft_macros io_cells hard_blockages 
Total Area:				41619.6720
Total Capacity Area:			41619.6720
Total Area of cells:			15858.7476
Area of excluded objects:
 - hard_macros         :		0.0000
 - macro_keepouts      :		0.0000
 - soft_macros         :		0.0000
 - io_cells            :		0.0000
 - hard_blockages      :		0.0000

Utilization of site-rows with:
 - Site 'unit':				0.3810

0.3810
