 
****************************************
Report : constraint
        -all_violators
Design : cv32e40p_top
Version: O-2018.06-SP1
Date   : Sat May 24 22:47:01 2025
****************************************


   min_delay/hold ('clk_i' group)

                             Required        Actual
   Endpoint                 Path Delay     Path Delay        Slack
   -----------------------------------------------------------------
   core_i/if_stage_i/prefetch_buffer_i/prefetch_controller_i/state_q_reg/SI     0.01    -0.94 r    -0.95 (VIOLATED)
   core_i/if_stage_i/prefetch_buffer_i/prefetch_controller_i/trans_addr_q_reg[2]/D     0.05    -0.89 f    -0.93 (VIOLATED)
   core_i/if_stage_i/prefetch_buffer_i/prefetch_controller_i/trans_addr_q_reg[3]/D     0.05    -0.89 f    -0.93 (VIOLATED)
   core_i/if_stage_i/prefetch_buffer_i/prefetch_controller_i/trans_addr_q_reg[31]/D     0.05    -0.88 f    -0.93 (VIOLATED)
   core_i/if_stage_i/prefetch_buffer_i/prefetch_controller_i/trans_addr_q_reg[4]/D     0.05    -0.88 f    -0.93 (VIOLATED)
   core_i/if_stage_i/prefetch_buffer_i/prefetch_controller_i/trans_addr_q_reg[5]/D     0.05    -0.88 f    -0.93 (VIOLATED)
   core_i/if_stage_i/prefetch_buffer_i/prefetch_controller_i/trans_addr_q_reg[6]/D     0.05    -0.88 f    -0.93 (VIOLATED)
   core_i/if_stage_i/prefetch_buffer_i/prefetch_controller_i/trans_addr_q_reg[7]/D     0.05    -0.88 f    -0.93 (VIOLATED)
   core_i/if_stage_i/prefetch_buffer_i/prefetch_controller_i/trans_addr_q_reg[8]/D     0.05    -0.88 f    -0.93 (VIOLATED)
   core_i/if_stage_i/prefetch_buffer_i/prefetch_controller_i/trans_addr_q_reg[9]/D     0.05    -0.88 f    -0.93 (VIOLATED)
   core_i/if_stage_i/prefetch_buffer_i/prefetch_controller_i/trans_addr_q_reg[10]/D     0.05    -0.88 f    -0.93 (VIOLATED)
   core_i/if_stage_i/prefetch_buffer_i/prefetch_controller_i/trans_addr_q_reg[11]/D     0.05    -0.88 f    -0.93 (VIOLATED)
   core_i/if_stage_i/prefetch_buffer_i/prefetch_controller_i/trans_addr_q_reg[12]/D     0.05    -0.88 f    -0.93 (VIOLATED)
   core_i/if_stage_i/prefetch_buffer_i/prefetch_controller_i/trans_addr_q_reg[13]/D     0.05    -0.88 f    -0.93 (VIOLATED)
   core_i/if_stage_i/prefetch_buffer_i/prefetch_controller_i/trans_addr_q_reg[14]/D     0.05    -0.88 f    -0.93 (VIOLATED)
   core_i/if_stage_i/prefetch_buffer_i/prefetch_controller_i/trans_addr_q_reg[15]/D     0.05    -0.88 f    -0.93 (VIOLATED)
   core_i/if_stage_i/prefetch_buffer_i/prefetch_controller_i/trans_addr_q_reg[16]/D     0.05    -0.88 f    -0.93 (VIOLATED)
   core_i/if_stage_i/prefetch_buffer_i/prefetch_controller_i/trans_addr_q_reg[17]/D     0.05    -0.88 f    -0.93 (VIOLATED)
   core_i/if_stage_i/prefetch_buffer_i/prefetch_controller_i/trans_addr_q_reg[18]/D     0.05    -0.88 f    -0.93 (VIOLATED)
   core_i/if_stage_i/prefetch_buffer_i/prefetch_controller_i/trans_addr_q_reg[19]/D     0.05    -0.88 f    -0.93 (VIOLATED)
   core_i/if_stage_i/prefetch_buffer_i/prefetch_controller_i/trans_addr_q_reg[20]/D     0.05    -0.88 f    -0.93 (VIOLATED)
   core_i/if_stage_i/prefetch_buffer_i/prefetch_controller_i/trans_addr_q_reg[21]/D     0.05    -0.88 f    -0.93 (VIOLATED)
   core_i/if_stage_i/prefetch_buffer_i/prefetch_controller_i/trans_addr_q_reg[22]/D     0.05    -0.88 f    -0.93 (VIOLATED)
   core_i/if_stage_i/prefetch_buffer_i/prefetch_controller_i/trans_addr_q_reg[23]/D     0.05    -0.88 f    -0.93 (VIOLATED)
   core_i/if_stage_i/prefetch_buffer_i/prefetch_controller_i/trans_addr_q_reg[24]/D     0.05    -0.88 f    -0.93 (VIOLATED)
   core_i/if_stage_i/prefetch_buffer_i/prefetch_controller_i/trans_addr_q_reg[25]/D     0.05    -0.88 f    -0.93 (VIOLATED)
   core_i/if_stage_i/prefetch_buffer_i/prefetch_controller_i/trans_addr_q_reg[26]/D     0.05    -0.88 f    -0.93 (VIOLATED)
   core_i/if_stage_i/prefetch_buffer_i/prefetch_controller_i/trans_addr_q_reg[27]/D     0.05    -0.88 f    -0.93 (VIOLATED)
   core_i/if_stage_i/prefetch_buffer_i/prefetch_controller_i/trans_addr_q_reg[28]/D     0.05    -0.88 f    -0.93 (VIOLATED)
   core_i/if_stage_i/prefetch_buffer_i/prefetch_controller_i/trans_addr_q_reg[29]/D     0.05    -0.88 f    -0.93 (VIOLATED)
   core_i/if_stage_i/prefetch_buffer_i/prefetch_controller_i/trans_addr_q_reg[30]/D     0.05    -0.88 f    -0.93 (VIOLATED)
   core_i/if_stage_i/prefetch_buffer_i/prefetch_controller_i/trans_addr_q_reg[0]/D     0.04    -0.89 r    -0.93 (VIOLATED)
   core_i/if_stage_i/prefetch_buffer_i/prefetch_controller_i/trans_addr_q_reg[1]/D     0.04    -0.89 r    -0.93 (VIOLATED)
   core_i/if_stage_i/prefetch_buffer_i/instruction_obi_i/gen_no_trans_stable.obi_addr_q_reg[2]/D     0.05    -0.88 f    -0.93 (VIOLATED)
   core_i/if_stage_i/prefetch_buffer_i/instruction_obi_i/gen_no_trans_stable.obi_addr_q_reg[3]/D     0.05    -0.88 f    -0.93 (VIOLATED)
   core_i/if_stage_i/prefetch_buffer_i/instruction_obi_i/gen_no_trans_stable.obi_addr_q_reg[31]/D     0.05    -0.88 f    -0.93 (VIOLATED)
   core_i/if_stage_i/prefetch_buffer_i/instruction_obi_i/gen_no_trans_stable.obi_addr_q_reg[4]/D     0.05    -0.88 f    -0.93 (VIOLATED)
   core_i/if_stage_i/prefetch_buffer_i/instruction_obi_i/gen_no_trans_stable.obi_addr_q_reg[5]/D     0.05    -0.88 f    -0.93 (VIOLATED)
   core_i/if_stage_i/prefetch_buffer_i/instruction_obi_i/gen_no_trans_stable.obi_addr_q_reg[6]/D     0.05    -0.88 f    -0.93 (VIOLATED)
   core_i/if_stage_i/prefetch_buffer_i/instruction_obi_i/gen_no_trans_stable.obi_addr_q_reg[7]/D     0.05    -0.88 f    -0.93 (VIOLATED)
   core_i/if_stage_i/prefetch_buffer_i/instruction_obi_i/gen_no_trans_stable.obi_addr_q_reg[8]/D     0.05    -0.88 f    -0.93 (VIOLATED)
   core_i/if_stage_i/prefetch_buffer_i/instruction_obi_i/gen_no_trans_stable.obi_addr_q_reg[9]/D     0.05    -0.88 f    -0.93 (VIOLATED)
   core_i/if_stage_i/prefetch_buffer_i/instruction_obi_i/gen_no_trans_stable.obi_addr_q_reg[10]/D     0.05    -0.88 f    -0.93 (VIOLATED)
   core_i/if_stage_i/prefetch_buffer_i/instruction_obi_i/gen_no_trans_stable.obi_addr_q_reg[11]/D     0.05    -0.88 f    -0.93 (VIOLATED)
   core_i/if_stage_i/prefetch_buffer_i/instruction_obi_i/gen_no_trans_stable.obi_addr_q_reg[12]/D     0.05    -0.88 f    -0.93 (VIOLATED)
   core_i/if_stage_i/prefetch_buffer_i/instruction_obi_i/gen_no_trans_stable.obi_addr_q_reg[13]/D     0.05    -0.88 f    -0.93 (VIOLATED)
   core_i/if_stage_i/prefetch_buffer_i/instruction_obi_i/gen_no_trans_stable.obi_addr_q_reg[14]/D     0.05    -0.88 f    -0.93 (VIOLATED)
   core_i/if_stage_i/prefetch_buffer_i/instruction_obi_i/gen_no_trans_stable.obi_addr_q_reg[15]/D     0.05    -0.88 f    -0.93 (VIOLATED)
   core_i/if_stage_i/prefetch_buffer_i/instruction_obi_i/gen_no_trans_stable.obi_addr_q_reg[16]/D     0.05    -0.88 f    -0.93 (VIOLATED)
   core_i/if_stage_i/prefetch_buffer_i/instruction_obi_i/gen_no_trans_stable.obi_addr_q_reg[17]/D     0.05    -0.88 f    -0.93 (VIOLATED)
   core_i/if_stage_i/prefetch_buffer_i/instruction_obi_i/gen_no_trans_stable.obi_addr_q_reg[18]/D     0.05    -0.88 f    -0.93 (VIOLATED)
   core_i/if_stage_i/prefetch_buffer_i/instruction_obi_i/gen_no_trans_stable.obi_addr_q_reg[19]/D     0.05    -0.88 f    -0.93 (VIOLATED)
   core_i/if_stage_i/prefetch_buffer_i/instruction_obi_i/gen_no_trans_stable.obi_addr_q_reg[20]/D     0.05    -0.88 f    -0.93 (VIOLATED)
   core_i/if_stage_i/prefetch_buffer_i/instruction_obi_i/gen_no_trans_stable.obi_addr_q_reg[21]/D     0.05    -0.88 f    -0.93 (VIOLATED)
   core_i/if_stage_i/prefetch_buffer_i/instruction_obi_i/gen_no_trans_stable.obi_addr_q_reg[22]/D     0.05    -0.88 f    -0.93 (VIOLATED)
   core_i/if_stage_i/prefetch_buffer_i/instruction_obi_i/gen_no_trans_stable.obi_addr_q_reg[23]/D     0.05    -0.88 f    -0.93 (VIOLATED)
   core_i/if_stage_i/prefetch_buffer_i/instruction_obi_i/gen_no_trans_stable.obi_addr_q_reg[24]/D     0.05    -0.88 f    -0.93 (VIOLATED)
   core_i/if_stage_i/prefetch_buffer_i/instruction_obi_i/gen_no_trans_stable.obi_addr_q_reg[25]/D     0.05    -0.88 f    -0.93 (VIOLATED)
   core_i/if_stage_i/prefetch_buffer_i/instruction_obi_i/gen_no_trans_stable.obi_addr_q_reg[26]/D     0.05    -0.88 f    -0.93 (VIOLATED)
   core_i/if_stage_i/prefetch_buffer_i/instruction_obi_i/gen_no_trans_stable.obi_addr_q_reg[27]/D     0.05    -0.88 f    -0.93 (VIOLATED)
   core_i/if_stage_i/prefetch_buffer_i/instruction_obi_i/gen_no_trans_stable.obi_addr_q_reg[28]/D     0.05    -0.88 f    -0.93 (VIOLATED)
   core_i/if_stage_i/prefetch_buffer_i/instruction_obi_i/gen_no_trans_stable.obi_addr_q_reg[29]/D     0.05    -0.88 f    -0.93 (VIOLATED)
   core_i/if_stage_i/prefetch_buffer_i/instruction_obi_i/gen_no_trans_stable.obi_addr_q_reg[30]/D     0.05    -0.88 f    -0.93 (VIOLATED)
   core_i/id_stage_i/mhpmevent_ld_stall_o_reg/D     0.04    -0.21 r    -0.25 (VIOLATED)
   core_i/id_stage_i/mhpmevent_jr_stall_o_reg/D     0.04    -0.21 r    -0.25 (VIOLATED)
   core_i/id_stage_i/mhpmevent_branch_taken_o_reg/D     0.04    -0.15 r    -0.19 (VIOLATED)
   core_i/id_stage_i/controller_i/jump_done_q_reg/SE     0.02    -0.10 r    -0.11 (VIOLATED)
   core_i/id_stage_i/mhpmevent_imiss_o_reg/D     0.04    -0.04 r    -0.08 (VIOLATED)
   core_i/cs_registers_i/mhpmcounter_q_reg[3][6]/D     0.05     0.02 f    -0.03 (VIOLATED)
   core_i/cs_registers_i/mhpmcounter_q_reg[3][11]/D     0.05     0.02 f    -0.03 (VIOLATED)
   core_i/cs_registers_i/mhpmcounter_q_reg[3][12]/D     0.05     0.02 f    -0.03 (VIOLATED)
   core_i/cs_registers_i/mhpmcounter_q_reg[3][13]/D     0.05     0.02 f    -0.03 (VIOLATED)
   core_i/cs_registers_i/mhpmcounter_q_reg[3][14]/D     0.05     0.02 f    -0.03 (VIOLATED)
   core_i/cs_registers_i/mhpmcounter_q_reg[3][15]/D     0.05     0.02 f    -0.03 (VIOLATED)
   core_i/cs_registers_i/mhpmcounter_q_reg[3][17]/D     0.05     0.02 f    -0.03 (VIOLATED)
   core_i/cs_registers_i/mhpmcounter_q_reg[3][27]/D     0.05     0.02 f    -0.03 (VIOLATED)
   core_i/cs_registers_i/mhpmcounter_q_reg[3][29]/D     0.05     0.02 f    -0.03 (VIOLATED)
   core_i/cs_registers_i/mhpmcounter_q_reg[3][35]/D     0.05     0.02 f    -0.03 (VIOLATED)
   core_i/cs_registers_i/mhpmcounter_q_reg[3][38]/D     0.05     0.02 f    -0.03 (VIOLATED)
   core_i/cs_registers_i/mhpmcounter_q_reg[3][40]/D     0.05     0.02 f    -0.03 (VIOLATED)
   core_i/cs_registers_i/mhpmcounter_q_reg[3][43]/D     0.05     0.02 f    -0.03 (VIOLATED)
   core_i/cs_registers_i/mhpmcounter_q_reg[3][44]/D     0.05     0.02 f    -0.03 (VIOLATED)
   core_i/cs_registers_i/mhpmcounter_q_reg[3][45]/D     0.05     0.02 f    -0.03 (VIOLATED)
   core_i/cs_registers_i/mhpmcounter_q_reg[3][46]/D     0.05     0.02 f    -0.03 (VIOLATED)
   core_i/cs_registers_i/mhpmcounter_q_reg[3][47]/D     0.05     0.02 f    -0.03 (VIOLATED)
   core_i/cs_registers_i/mhpmcounter_q_reg[3][48]/D     0.05     0.02 f    -0.03 (VIOLATED)
   core_i/cs_registers_i/mhpmcounter_q_reg[3][49]/D     0.05     0.02 f    -0.03 (VIOLATED)
   core_i/cs_registers_i/mhpmcounter_q_reg[3][50]/D     0.05     0.02 f    -0.03 (VIOLATED)
   core_i/cs_registers_i/mhpmcounter_q_reg[3][51]/D     0.05     0.02 f    -0.03 (VIOLATED)
   core_i/cs_registers_i/mhpmcounter_q_reg[3][52]/D     0.05     0.02 f    -0.03 (VIOLATED)
   core_i/cs_registers_i/mhpmcounter_q_reg[3][53]/D     0.05     0.02 f    -0.03 (VIOLATED)
   core_i/cs_registers_i/mhpmcounter_q_reg[3][54]/D     0.05     0.02 f    -0.03 (VIOLATED)
   core_i/cs_registers_i/mhpmcounter_q_reg[3][55]/D     0.05     0.02 f    -0.03 (VIOLATED)
   core_i/cs_registers_i/mhpmcounter_q_reg[3][56]/D     0.05     0.02 f    -0.03 (VIOLATED)
   core_i/cs_registers_i/mhpmcounter_q_reg[3][57]/D     0.05     0.02 f    -0.03 (VIOLATED)
   core_i/cs_registers_i/mhpmcounter_q_reg[3][58]/D     0.05     0.02 f    -0.03 (VIOLATED)
   core_i/cs_registers_i/mhpmcounter_q_reg[3][59]/D     0.05     0.02 f    -0.03 (VIOLATED)
   core_i/cs_registers_i/mhpmcounter_q_reg[3][60]/D     0.05     0.02 f    -0.03 (VIOLATED)
   core_i/cs_registers_i/mhpmcounter_q_reg[3][61]/D     0.05     0.02 f    -0.03 (VIOLATED)
   core_i/cs_registers_i/mhpmcounter_q_reg[3][1]/D     0.05     0.02 f    -0.03 (VIOLATED)
   core_i/cs_registers_i/mhpmcounter_q_reg[3][31]/D     0.05     0.02 f    -0.03 (VIOLATED)
   core_i/cs_registers_i/mhpmcounter_q_reg[3][8]/D     0.05     0.02 f    -0.03 (VIOLATED)
   core_i/cs_registers_i/mhpmcounter_q_reg[3][16]/D     0.05     0.02 f    -0.03 (VIOLATED)
   core_i/cs_registers_i/mhpmcounter_q_reg[3][18]/D     0.05     0.02 f    -0.03 (VIOLATED)
   core_i/cs_registers_i/mhpmcounter_q_reg[3][19]/D     0.05     0.02 f    -0.03 (VIOLATED)
   core_i/cs_registers_i/mhpmcounter_q_reg[3][20]/D     0.05     0.02 f    -0.03 (VIOLATED)
   core_i/cs_registers_i/mhpmcounter_q_reg[3][21]/D     0.05     0.02 f    -0.03 (VIOLATED)
   core_i/cs_registers_i/mhpmcounter_q_reg[3][22]/D     0.05     0.02 f    -0.03 (VIOLATED)
   core_i/cs_registers_i/mhpmcounter_q_reg[3][23]/D     0.05     0.02 f    -0.03 (VIOLATED)
   core_i/cs_registers_i/mhpmcounter_q_reg[3][24]/D     0.05     0.02 f    -0.03 (VIOLATED)
   core_i/cs_registers_i/mhpmcounter_q_reg[3][25]/D     0.05     0.02 f    -0.03 (VIOLATED)
   core_i/cs_registers_i/mhpmcounter_q_reg[3][26]/D     0.05     0.02 f    -0.03 (VIOLATED)
   core_i/cs_registers_i/mhpmcounter_q_reg[3][28]/D     0.05     0.02 f    -0.03 (VIOLATED)
   core_i/cs_registers_i/mhpmcounter_q_reg[3][33]/D     0.05     0.02 f    -0.03 (VIOLATED)
   core_i/cs_registers_i/mhpmcounter_q_reg[3][4]/D     0.05     0.02 f    -0.03 (VIOLATED)
   core_i/cs_registers_i/mhpmcounter_q_reg[3][9]/D     0.05     0.02 f    -0.03 (VIOLATED)
   core_i/cs_registers_i/mhpmcounter_q_reg[3][10]/D     0.05     0.02 f    -0.03 (VIOLATED)
   core_i/cs_registers_i/mhpmcounter_q_reg[3][36]/D     0.05     0.02 f    -0.03 (VIOLATED)
   core_i/cs_registers_i/mhpmcounter_q_reg[3][41]/D     0.05     0.02 f    -0.03 (VIOLATED)
   core_i/cs_registers_i/mhpmcounter_q_reg[3][42]/D     0.05     0.02 f    -0.03 (VIOLATED)
   core_i/cs_registers_i/mhpmcounter_q_reg[3][5]/D     0.05     0.02 f    -0.03 (VIOLATED)
   core_i/cs_registers_i/mhpmcounter_q_reg[3][37]/D     0.05     0.02 f    -0.03 (VIOLATED)
   core_i/cs_registers_i/mhpmcounter_q_reg[3][2]/D     0.05     0.02 f    -0.03 (VIOLATED)
   core_i/cs_registers_i/mhpmcounter_q_reg[3][30]/D     0.05     0.02 f    -0.03 (VIOLATED)
   core_i/cs_registers_i/mhpmcounter_q_reg[3][62]/D     0.05     0.02 f    -0.03 (VIOLATED)
   core_i/cs_registers_i/mhpmcounter_q_reg[3][63]/D     0.05     0.02 f    -0.03 (VIOLATED)
   core_i/cs_registers_i/mhpmcounter_q_reg[3][3]/D     0.05     0.02 f    -0.03 (VIOLATED)
   core_i/cs_registers_i/mhpmcounter_q_reg[3][7]/D     0.05     0.02 f    -0.03 (VIOLATED)
   core_i/cs_registers_i/mhpmcounter_q_reg[3][39]/D     0.05     0.02 f    -0.03 (VIOLATED)
   core_i/cs_registers_i/mhpmcounter_q_reg[3][32]/D     0.05     0.02 f    -0.03 (VIOLATED)
   core_i/cs_registers_i/mhpmcounter_q_reg[3][34]/D     0.05     0.02 f    -0.03 (VIOLATED)
   core_i/cs_registers_i/mhpmcounter_q_reg[3][0]/D     0.05     0.02 f    -0.03 (VIOLATED)
   core_i/if_stage_i/aligner_i/pc_q_reg[31]/D     0.05     0.03 f    -0.02 (VIOLATED)
   core_i/if_stage_i/prefetch_buffer_i/prefetch_controller_i/flush_cnt_q_reg[0]/D     0.05     0.04 f    -0.02 (VIOLATED)
   core_i/if_stage_i/prefetch_buffer_i/prefetch_controller_i/flush_cnt_q_reg[1]/D     0.05     0.04 f    -0.01 (VIOLATED)
   core_i/if_stage_i/aligner_i/pc_q_reg[2]/D     0.05     0.04 f    -0.01 (VIOLATED)
   core_i/if_stage_i/aligner_i/pc_q_reg[29]/D     0.05     0.04 f    -0.01 (VIOLATED)
   core_i/if_stage_i/aligner_i/pc_q_reg[30]/D     0.05     0.04 f    -0.01 (VIOLATED)
   core_i/if_stage_i/aligner_i/pc_q_reg[27]/D     0.05     0.04 f    -0.01 (VIOLATED)
   core_i/if_stage_i/aligner_i/pc_q_reg[3]/D     0.05     0.04 f    -0.01 (VIOLATED)
   core_i/if_stage_i/aligner_i/pc_q_reg[28]/D     0.05     0.04 f    -0.01 (VIOLATED)
   core_i/if_stage_i/aligner_i/pc_q_reg[4]/D     0.05     0.04 f    -0.01 (VIOLATED)
   core_i/if_stage_i/aligner_i/pc_q_reg[5]/D     0.05     0.04 f    -0.01 (VIOLATED)
   core_i/if_stage_i/aligner_i/pc_q_reg[6]/D     0.05     0.04 f    -0.01 (VIOLATED)
   core_i/if_stage_i/aligner_i/pc_q_reg[7]/D     0.05     0.04 f    -0.01 (VIOLATED)
   core_i/if_stage_i/aligner_i/pc_q_reg[8]/D     0.05     0.04 f    -0.01 (VIOLATED)
   core_i/if_stage_i/aligner_i/pc_q_reg[9]/D     0.05     0.04 f    -0.01 (VIOLATED)
   core_i/if_stage_i/aligner_i/pc_q_reg[10]/D     0.05     0.04 f    -0.01 (VIOLATED)
   core_i/if_stage_i/aligner_i/pc_q_reg[11]/D     0.05     0.04 f    -0.01 (VIOLATED)
   core_i/if_stage_i/aligner_i/pc_q_reg[12]/D     0.05     0.04 f    -0.01 (VIOLATED)
   core_i/if_stage_i/aligner_i/pc_q_reg[13]/D     0.05     0.04 f    -0.01 (VIOLATED)
   core_i/if_stage_i/aligner_i/pc_q_reg[14]/D     0.05     0.04 f    -0.01 (VIOLATED)
   core_i/if_stage_i/aligner_i/pc_q_reg[15]/D     0.05     0.04 f    -0.01 (VIOLATED)
   core_i/if_stage_i/aligner_i/pc_q_reg[16]/D     0.05     0.04 f    -0.01 (VIOLATED)
   core_i/if_stage_i/aligner_i/pc_q_reg[17]/D     0.05     0.04 f    -0.01 (VIOLATED)
   core_i/if_stage_i/aligner_i/pc_q_reg[18]/D     0.05     0.04 f    -0.01 (VIOLATED)
   core_i/if_stage_i/aligner_i/pc_q_reg[19]/D     0.05     0.04 f    -0.01 (VIOLATED)
   core_i/if_stage_i/aligner_i/pc_q_reg[20]/D     0.05     0.04 f    -0.01 (VIOLATED)
   core_i/if_stage_i/aligner_i/pc_q_reg[21]/D     0.05     0.04 f    -0.01 (VIOLATED)
   core_i/if_stage_i/aligner_i/pc_q_reg[22]/D     0.05     0.04 f    -0.01 (VIOLATED)
   core_i/if_stage_i/aligner_i/pc_q_reg[23]/D     0.05     0.04 f    -0.01 (VIOLATED)
   core_i/if_stage_i/aligner_i/pc_q_reg[24]/D     0.05     0.04 f    -0.01 (VIOLATED)
   core_i/if_stage_i/aligner_i/pc_q_reg[25]/D     0.05     0.04 f    -0.01 (VIOLATED)
   core_i/if_stage_i/aligner_i/pc_q_reg[26]/D     0.05     0.04 f    -0.01 (VIOLATED)
   core_i/if_stage_i/aligner_i/pc_q_reg[1]/D     0.05     0.05 f    -0.01 (VIOLATED)
   core_i/if_stage_i/aligner_i/state_reg[1]/D     0.05     0.05 f    -0.01 (VIOLATED)
   core_i/if_stage_i/aligner_i/state_reg[0]/D     0.04     0.04 r     0.00 (VIOLATED: increase significant digits)


   max_fanout

                             Required        Actual
   Net                        Fanout         Fanout          Slack
   -----------------------------------------------------------------
   rst_ni (dont_touch)          4.00        2257.00       -2253.00  (VIOLATED)

   -----------------------------------------------------------------
   Total                      1               -2253.00  

   max_capacitance

                             Required        Actual
   Net                      Capacitance    Capacitance       Slack
   -----------------------------------------------------------------
   rst_ni (dont_touch)         23.35        1062.08       -1038.73  (VIOLATED)

   -----------------------------------------------------------------
   Total                      1               -1038.73  

1
