#@ # 
#@ # Running icc2_shell Version O-2018.06-SP1 for linux64 -- Jul 17, 2018
#@ # Date:   Thu May 29 09:01:58 2025
#@ # Run by: ICer@IC_EDA
#@ 

gui_set_pref_value -category {SelectByNamePalette} -key {ObjectType} -value {Logical Cells}
open_lib /mnt/hgfs/GP/PnR/ndm/cv32e40p_top -edit
open_block /mnt/hgfs/GP/PnR/ndm/cv32e40p_top:cv32e40p_powerplan.design
gui_set_pref_value -category {showRelativeLocationConstraints} -key {macroOffsetX} -value {0.001}
gui_set_pref_value -category {showRelativeLocationConstraints} -key {macroOffsetY} -value {0.001}
link_block
win_set_filter -visible -class cell -filter {hard_macro_margin hard_margin route_blockage_margin soft_margin}
win_set_filter -visible -class placement_blockage -filter {wiring} -layer {0-72}
win_set_filter -expand_cell_types {soft_macro  }
win_set_select_class -visible {cell port bound routing_blockage shaping_blockage pg_region pin_blockage block_shielding topology_node topology_edge core_area die_area edit_group shape via terminal fill_cell placement_blockage }
win_set_filter -class cell -filter {cell_array hard_macro_margin hard_margin route_blockage_margin soft_margin}
win_set_filter -class placement_blockage -filter {wiring} -layer {0-72}
win_set_select_class {cell port bound routing_blockage shaping_blockage pg_region pin_blockage topology_node topology_edge edit_group shape via placement_blockage }
gui_show_error_data
gui_set_error_browser_option -show_mode all
gui_set_error_browser_option -view_mode zoom
gui_set_error_browser_option -zoom_factor 1.000000
gui_set_error_browser_option -grouping type
gui_error_browser -show
gui_open_error_data -file_name {/mnt/hgfs/GP/PnR/ndm/cv32e40p_top/cv32e40p_powerplan/attach/design.errdm/cv32e40p_powerplan_floatingPG.err}
gui_open_error_data -file_name {/mnt/hgfs/GP/PnR/ndm/cv32e40p_top/cv32e40p_powerplan/attach/design.errdm/cv32e40p_powerplan_missingVia.err}
gui_set_current_errors
gui_set_selected_errors -replace [gui_get_errors -data_name {cv32e40p_powerplan_floatingPG.err} -id {0}] -force
gui_error_browser -hide
gui_zoom -window [gui_get_current_window -types Layout -view] -factor 0.5 -at_point {-0.980 0.584}
gui_zoom -window [gui_get_current_window -types Layout -view] -factor 0.5 -at_point {-0.981 0.585}
gui_zoom -window [gui_get_current_window -types Layout -view] -factor 0.5 -at_point {-0.981 0.583}
gui_zoom -window [gui_get_current_window -types Layout -view] -factor 0.5 -at_point {-0.982 0.583}
gui_zoom -window [gui_get_current_window -types Layout -view] -factor 0.5 -at_point {8.718 1.736}
gui_zoom -window [gui_get_current_window -types Layout -view] -factor 0.5 -at_point {8.744 1.757}
gui_zoom -window [gui_get_current_window -types Layout -view] -factor 2 -at_point {8.743 1.761}
gui_zoom -window [gui_get_current_window -types Layout -view] -factor 2 -at_point {8.742 1.764}
close_blocks -force -purge
gui_clear_selected_errors
open_block /mnt/hgfs/GP/PnR/ndm/cv32e40p_top:cv32e40p_placement.design
open_block /mnt/hgfs/GP/PnR/ndm/cv32e40p_top:cv32e40p_placement.design
link_block
gui_zoom -window [gui_get_current_window -types Layout -view] -factor 2 -at_point {51.741 70.863}
gui_zoom -window [gui_get_current_window -types Layout -view] -factor 2 -at_point {-0.994 60.788}
gui_zoom -window [gui_get_current_window -types Layout -view] -factor 2 -at_point {-1.138 60.788}
gui_zoom -window [gui_get_current_window -types Layout -view] -factor 2 -at_point {24.566 63.321}
gui_zoom -window [gui_get_current_window -types Layout -view] -factor 2 -at_point {24.566 63.321}
gui_zoom -window [gui_get_current_window -types Layout -view] -factor 2 -at_point {21.398 65.480}
gui_zoom -window [gui_get_current_window -types Layout -view] -factor 2 -at_point {21.436 64.807}
gui_zoom -window [gui_get_current_window -types Layout -view] -factor 2 -at_point {20.970 64.936}
gui_zoom -window [gui_get_current_window -types Layout -view] -factor 0.5 -at_point {21.089 65.032}
gui_zoom -window [gui_get_current_window -types Layout -view] -factor 0.5 -at_point {21.090 65.032}
gui_zoom -window [gui_get_current_window -types Layout -view] -factor 0.5 -at_point {21.093 65.036}
gui_zoom -window [gui_get_current_window -types Layout -view] -factor 0.5 -at_point {21.092 65.031}
gui_zoom -window [gui_get_current_window -types Layout -view] -factor 0.5 -at_point {21.092 65.015}
gui_zoom -window [gui_get_current_window -types Layout -view] -factor 0.5 -at_point {55.921 61.867}
gui_zoom -window [gui_get_current_window -types Layout -view] -factor 0.5 -at_point {55.919 61.802}
gui_zoom -window [gui_get_current_window -types Layout -view] -factor 0.5 -at_point {56.063 61.947}
gui_zoom -window [gui_get_current_window -types Layout -view] -factor 0.5 -at_point {55.774 62.236}
gui_zoom -window [gui_get_current_window -types Layout -view] -factor 2 -at_point {272.997 69.187}
gui_zoom -window [gui_get_current_window -types Layout -view] -factor 2 -at_point {166.992 146.808}
gui_zoom -window [gui_get_current_window -types Layout -view] -factor 2 -at_point {153.669 164.476}
gui_zoom -window [gui_get_current_window -types Layout -view] -factor 2 -at_point {153.234 162.593}
gui_zoom -window [gui_get_current_window -types Layout -view] -factor 2 -at_point {153.233 162.232}
gui_zoom -window [gui_get_current_window -types Layout -view] -factor 2 -at_point {153.236 161.977}
gui_zoom -window [gui_get_current_window -types Layout -view] -factor 0.5 -at_point {147.865 157.919}
gui_zoom -window [gui_get_current_window -types Layout -view] -factor 0.5 -at_point {147.848 157.919}
win_select_objects -slct_targets global -at {150.137 178.516} -radius 0.0724
gui_zoom -window [gui_get_current_window -types Layout -view] -factor 0.5 -at_point {163.751 166.423}
gui_zoom -window [gui_get_current_window -types Layout -view] -factor 0.5 -at_point {163.806 166.359}
gui_zoom -window [gui_get_current_window -types Layout -view] -factor 0.5 -at_point {163.806 166.503}
gui_show_error_data
gui_error_browser -show
gui_error_browser -hide
change_selection 
