
Start of Master/Slave Task Processing
-------------------------------------
Started    : Command execution in scenario 'fast_Cmax'
Information: Checked out license 'PrimeTime' (PT-019)
Started    : Command execution in scenario 'slow_Cmax'
Information: Checked out license 'PrimeTime' (PT-019)
Information: Checked out license 'PrimeTime' (PT-019)
Started    : Command execution in scenario 'slow_Cmin'
Started    : Command execution in scenario 'fast_Cmin'
Restoring  : User image for scenario 'fast_Cmax'
Restoring  : User image for scenario 'slow_Cmin'
Restoring  : User image for scenario 'slow_Cmax'
Restoring  : User image for scenario 'fast_Cmin'
Succeeded  : Command execution in scenario 'fast_Cmin'
Succeeded  : Command execution in scenario 'fast_Cmax'
Succeeded  : Command execution in scenario 'slow_Cmin'
Succeeded  : Command execution in scenario 'slow_Cmax'
-----------------------------------
End of Master/Slave Task Processing

****************************************
Report : constraint
	-all_violators
	-path slack_only
Design : multi_scenario design
Version: O-2018.06-SP1
Date   : Sun Jun 29 23:15:03 2025
****************************************

Scenarios: slow_Cmax slow_Cmin fast_Cmax fast_Cmin 








   min_capacitance

                                           Required       Actual
   Pin                      Scenario       Capacitance    Capacitance    Slack
   ---------------------------------------------------------------------------
   boot_addr_i[0]           fast_Cmax          0.15           0.00     -0.15  (VIOLATED)
   boot_addr_i[1]           fast_Cmax          0.15           0.00     -0.15  (VIOLATED)
   dm_exception_addr_i[0]   fast_Cmax          0.15           0.00     -0.15  (VIOLATED)
   dm_exception_addr_i[1]   fast_Cmax          0.15           0.00     -0.15  (VIOLATED)
   dm_halt_addr_i[0]        fast_Cmax          0.15           0.00     -0.15  (VIOLATED)
   dm_halt_addr_i[1]        fast_Cmax          0.15           0.00     -0.15  (VIOLATED)
   mtvec_addr_i[0]          fast_Cmax          0.15           0.00     -0.15  (VIOLATED)
   mtvec_addr_i[1]          fast_Cmax          0.15           0.00     -0.15  (VIOLATED)
   mtvec_addr_i[2]          fast_Cmax          0.15           0.00     -0.15  (VIOLATED)
   mtvec_addr_i[3]          fast_Cmax          0.15           0.00     -0.15  (VIOLATED)
   mtvec_addr_i[4]          fast_Cmax          0.15           0.00     -0.15  (VIOLATED)
   mtvec_addr_i[5]          fast_Cmax          0.15           0.00     -0.15  (VIOLATED)
   mtvec_addr_i[6]          fast_Cmax          0.15           0.00     -0.15  (VIOLATED)
   mtvec_addr_i[7]          fast_Cmax          0.15           0.00     -0.15  (VIOLATED)
   pulp_clock_en_i          fast_Cmax          0.15           0.00     -0.15  (VIOLATED)


1
