Error: Cannot read file 'saed14hvt_ss0p6v125c.db saed14hvt_tt0p6v25c.db saed14hvt_ff0p88v125c.db'. (UID-58)
 
****************************************
Report : constraint
        -all_violators
Design : cv32e40p_top
Version: O-2018.06-SP1
Date   : Tue Apr 29 20:54:31 2025
****************************************


   min_capacitance

                             Required        Actual
   Net                      Capacitance    Capacitance       Slack
   -----------------------------------------------------------------
   core_sleep_o                 0.15           0.01          -0.14  (VIOLATED)
   data_addr_o[1]               0.15           0.01          -0.14  (VIOLATED)
   data_addr_o[2]               0.15           0.01          -0.14  (VIOLATED)
   data_addr_o[3]               0.15           0.01          -0.14  (VIOLATED)
   data_addr_o[4]               0.15           0.01          -0.14  (VIOLATED)
   data_addr_o[5]               0.15           0.01          -0.14  (VIOLATED)
   data_addr_o[6]               0.15           0.01          -0.14  (VIOLATED)
   data_addr_o[7]               0.15           0.01          -0.14  (VIOLATED)
   data_addr_o[8]               0.15           0.01          -0.14  (VIOLATED)
   data_addr_o[9]               0.15           0.01          -0.14  (VIOLATED)
   data_addr_o[10]              0.15           0.01          -0.14  (VIOLATED)
   data_addr_o[11]              0.15           0.01          -0.14  (VIOLATED)
   data_addr_o[12]              0.15           0.01          -0.14  (VIOLATED)
   data_addr_o[13]              0.15           0.01          -0.14  (VIOLATED)
   data_addr_o[14]              0.15           0.01          -0.14  (VIOLATED)
   data_addr_o[15]              0.15           0.01          -0.14  (VIOLATED)
   data_addr_o[16]              0.15           0.01          -0.14  (VIOLATED)
   data_addr_o[17]              0.15           0.01          -0.14  (VIOLATED)
   data_addr_o[18]              0.15           0.01          -0.14  (VIOLATED)
   data_addr_o[19]              0.15           0.01          -0.14  (VIOLATED)
   data_addr_o[20]              0.15           0.01          -0.14  (VIOLATED)
   data_addr_o[21]              0.15           0.01          -0.14  (VIOLATED)
   data_addr_o[22]              0.15           0.01          -0.14  (VIOLATED)
   data_addr_o[23]              0.15           0.01          -0.14  (VIOLATED)
   data_addr_o[24]              0.15           0.01          -0.14  (VIOLATED)
   data_addr_o[25]              0.15           0.01          -0.14  (VIOLATED)
   data_addr_o[26]              0.15           0.01          -0.14  (VIOLATED)
   data_addr_o[27]              0.15           0.01          -0.14  (VIOLATED)
   data_addr_o[28]              0.15           0.01          -0.14  (VIOLATED)
   data_addr_o[29]              0.15           0.01          -0.14  (VIOLATED)
   data_addr_o[30]              0.15           0.01          -0.14  (VIOLATED)
   data_addr_o[31]              0.15           0.01          -0.14  (VIOLATED)
   data_be_o[0]                 0.15           0.01          -0.14  (VIOLATED)
   data_be_o[1]                 0.15           0.01          -0.14  (VIOLATED)
   data_be_o[2]                 0.15           0.01          -0.14  (VIOLATED)
   data_be_o[3]                 0.15           0.01          -0.14  (VIOLATED)
   data_wdata_o[0]              0.15           0.01          -0.14  (VIOLATED)
   data_wdata_o[1]              0.15           0.01          -0.14  (VIOLATED)
   data_wdata_o[2]              0.15           0.01          -0.14  (VIOLATED)
   data_wdata_o[3]              0.15           0.01          -0.14  (VIOLATED)
   data_wdata_o[4]              0.15           0.01          -0.14  (VIOLATED)
   data_wdata_o[5]              0.15           0.01          -0.14  (VIOLATED)
   data_wdata_o[6]              0.15           0.01          -0.14  (VIOLATED)
   data_wdata_o[7]              0.15           0.01          -0.14  (VIOLATED)
   data_wdata_o[8]              0.15           0.01          -0.14  (VIOLATED)
   data_wdata_o[9]              0.15           0.01          -0.14  (VIOLATED)
   data_wdata_o[10]             0.15           0.01          -0.14  (VIOLATED)
   data_wdata_o[11]             0.15           0.01          -0.14  (VIOLATED)
   data_wdata_o[12]             0.15           0.01          -0.14  (VIOLATED)
   data_wdata_o[13]             0.15           0.01          -0.14  (VIOLATED)
   data_wdata_o[14]             0.15           0.01          -0.14  (VIOLATED)
   data_wdata_o[15]             0.15           0.01          -0.14  (VIOLATED)
   data_wdata_o[16]             0.15           0.01          -0.14  (VIOLATED)
   data_wdata_o[17]             0.15           0.01          -0.14  (VIOLATED)
   data_wdata_o[18]             0.15           0.01          -0.14  (VIOLATED)
   data_wdata_o[19]             0.15           0.01          -0.14  (VIOLATED)
   data_wdata_o[20]             0.15           0.01          -0.14  (VIOLATED)
   data_wdata_o[21]             0.15           0.01          -0.14  (VIOLATED)
   data_wdata_o[22]             0.15           0.01          -0.14  (VIOLATED)
   data_wdata_o[23]             0.15           0.01          -0.14  (VIOLATED)
   data_wdata_o[24]             0.15           0.01          -0.14  (VIOLATED)
   data_wdata_o[25]             0.15           0.01          -0.14  (VIOLATED)
   data_wdata_o[26]             0.15           0.01          -0.14  (VIOLATED)
   data_wdata_o[27]             0.15           0.01          -0.14  (VIOLATED)
   data_wdata_o[28]             0.15           0.01          -0.14  (VIOLATED)
   data_wdata_o[29]             0.15           0.01          -0.14  (VIOLATED)
   data_wdata_o[30]             0.15           0.01          -0.14  (VIOLATED)
   data_wdata_o[31]             0.15           0.01          -0.14  (VIOLATED)
   instr_addr_o[0]              0.15           0.01          -0.14  (VIOLATED)
   instr_addr_o[1]              0.15           0.01          -0.14  (VIOLATED)
   instr_addr_o[2]              0.15           0.01          -0.14  (VIOLATED)
   instr_addr_o[3]              0.15           0.01          -0.14  (VIOLATED)
   instr_addr_o[4]              0.15           0.01          -0.14  (VIOLATED)
   instr_addr_o[5]              0.15           0.01          -0.14  (VIOLATED)
   instr_addr_o[6]              0.15           0.01          -0.14  (VIOLATED)
   instr_addr_o[7]              0.15           0.01          -0.14  (VIOLATED)
   instr_addr_o[8]              0.15           0.01          -0.14  (VIOLATED)
   instr_addr_o[9]              0.15           0.01          -0.14  (VIOLATED)
   instr_addr_o[10]             0.15           0.01          -0.14  (VIOLATED)
   instr_addr_o[11]             0.15           0.01          -0.14  (VIOLATED)
   instr_addr_o[12]             0.15           0.01          -0.14  (VIOLATED)
   instr_addr_o[13]             0.15           0.01          -0.14  (VIOLATED)
   instr_addr_o[14]             0.15           0.01          -0.14  (VIOLATED)
   instr_addr_o[15]             0.15           0.01          -0.14  (VIOLATED)
   instr_addr_o[16]             0.15           0.01          -0.14  (VIOLATED)
   instr_addr_o[17]             0.15           0.01          -0.14  (VIOLATED)
   instr_addr_o[18]             0.15           0.01          -0.14  (VIOLATED)
   instr_addr_o[19]             0.15           0.01          -0.14  (VIOLATED)
   instr_addr_o[20]             0.15           0.01          -0.14  (VIOLATED)
   instr_addr_o[21]             0.15           0.01          -0.14  (VIOLATED)
   instr_addr_o[22]             0.15           0.01          -0.14  (VIOLATED)
   instr_addr_o[23]             0.15           0.01          -0.14  (VIOLATED)
   instr_addr_o[24]             0.15           0.01          -0.14  (VIOLATED)
   instr_addr_o[25]             0.15           0.01          -0.14  (VIOLATED)
   instr_addr_o[26]             0.15           0.01          -0.14  (VIOLATED)
   instr_addr_o[27]             0.15           0.01          -0.14  (VIOLATED)
   instr_addr_o[28]             0.15           0.01          -0.14  (VIOLATED)
   instr_addr_o[29]             0.15           0.01          -0.14  (VIOLATED)
   instr_addr_o[30]             0.15           0.01          -0.14  (VIOLATED)
   instr_addr_o[31]             0.15           0.01          -0.14  (VIOLATED)
   instr_req_o                  0.15           0.01          -0.14  (VIOLATED)
   irq_id_o[2]                  0.15           0.01          -0.14  (VIOLATED)
   core_i/id_stage_i/decoder_i/n156
                                0.15           0.14          -0.01  (VIOLATED)
   core_i/if_stage_i/prefetch_buffer_i/prefetch_controller_i/n156
                                0.15           0.14          -0.01  (VIOLATED)

   -----------------------------------------------------------------
   Total                      104               -14.44  

1
