 
****************************************
Report : DFT signals
Design : cv32e40p_top
Version: O-2018.06-SP1
Date   : Fri Jun 27 00:33:55 2025
****************************************

========================================
TEST MODE: all_dft_user
VIEW     : Existing DFT
========================================
Port               SignalType          Active    Hookup    Timing    Usage
----------         ----------          ------    ------    ------    -----
SO[4]              ScanDataOut         -         -
SO[3]              ScanDataOut         -         -
SO[2]              ScanDataOut         -         -
SO[1]              ScanDataOut         -         -
SO[0]              ScanDataOut         -         -
SI[4]              ScanDataIn          -         -
SI[3]              ScanDataIn          -         -
SI[2]              ScanDataIn          -         -
SI[1]              ScanDataIn          -         -
SI[0]              ScanDataIn          -         -
scan_cg_en_i       ScanEnable          1         -
clk_i              ScanMasterClock     1         -         P 100.0 R 30.0 F 60.0
clk_i              MasterClock         1         -         P 100.0 R 30.0 F 60.0
rst_ni             Reset               0         -         P 100.0 R 60.0 F 30.0
========================================
TEST MODE: all_dft_protocol
VIEW     : Existing DFT
========================================
Port               SignalType          Active    Hookup    Timing    Usage
----------         ----------          ------    ------    ------    -----
SO[4]              ScanDataOut         -         -
SO[3]              ScanDataOut         -         -
SO[2]              ScanDataOut         -         -
SO[1]              ScanDataOut         -         -
SO[0]              ScanDataOut         -         -
SI[4]              ScanDataIn          -         -
SI[3]              ScanDataIn          -         -
SI[2]              ScanDataIn          -         -
SI[1]              ScanDataIn          -         -
SI[0]              ScanDataIn          -         -
scan_cg_en_i       ScanEnable          1         -
clk_i              ScanMasterClock     1         -         P 100.0 R 30.0 F 60.0
clk_i              MasterClock         1         -         P 100.0 R 30.0 F 60.0
rst_ni             Reset               0         -         P 100.0 R 60.0 F 30.0
========================================
TEST MODE: all_dft
VIEW     : Existing DFT
========================================
Port               SignalType          Active    Hookup    Timing    Usage
----------         ----------          ------    ------    ------    -----
SO[4]              ScanDataOut         -         -
SO[3]              ScanDataOut         -         -
SO[2]              ScanDataOut         -         -
SO[1]              ScanDataOut         -         -
SO[0]              ScanDataOut         -         -
SI[4]              ScanDataIn          -         -
SI[3]              ScanDataIn          -         -
SI[2]              ScanDataIn          -         -
SI[1]              ScanDataIn          -         -
SI[0]              ScanDataIn          -         -
scan_cg_en_i       ScanEnable          1         -
clk_i              ScanMasterClock     1         -         P 100.0 R 30.0 F 60.0
clk_i              MasterClock         1         -         P 100.0 R 30.0 F 60.0
rst_ni             Reset               0         -         P 100.0 R 60.0 F 30.0
========================================
TEST MODE: Internal_scan_user
VIEW     : Existing DFT
========================================
Port               SignalType          Active    Hookup    Timing    Usage
----------         ----------          ------    ------    ------    -----
SO[4]              ScanDataOut         -         -
SO[3]              ScanDataOut         -         -
SO[2]              ScanDataOut         -         -
SO[1]              ScanDataOut         -         -
SO[0]              ScanDataOut         -         -
SI[4]              ScanDataIn          -         -
SI[3]              ScanDataIn          -         -
SI[2]              ScanDataIn          -         -
SI[1]              ScanDataIn          -         -
SI[0]              ScanDataIn          -         -
clk_i              ScanMasterClock     1         -         P 100.0 R 30.0 F 60.0
clk_i              MasterClock         1         -         P 100.0 R 30.0 F 60.0
rst_ni             Reset               0         -         P 100.0 R 60.0 F 30.0
========================================
TEST MODE: Internal_scan_protocol
VIEW     : Existing DFT
========================================
Port               SignalType          Active    Hookup    Timing    Usage
----------         ----------          ------    ------    ------    -----
SO[4]              ScanDataOut         -         -
SO[3]              ScanDataOut         -         -
SO[2]              ScanDataOut         -         -
SO[1]              ScanDataOut         -         -
SO[0]              ScanDataOut         -         -
SI[4]              ScanDataIn          -         -
SI[3]              ScanDataIn          -         -
SI[2]              ScanDataIn          -         -
SI[1]              ScanDataIn          -         -
SI[0]              ScanDataIn          -         -
clk_i              ScanMasterClock     1         -         P 100.0 R 30.0 F 60.0
clk_i              MasterClock         1         -         P 100.0 R 30.0 F 60.0
rst_ni             Reset               0         -         P 100.0 R 60.0 F 30.0
========================================
TEST MODE: Internal_scan
VIEW     : Existing DFT
========================================
Port               SignalType          Active    Hookup    Timing    Usage
----------         ----------          ------    ------    ------    -----
SO[4]              ScanDataOut         -         -
SO[3]              ScanDataOut         -         -
SO[2]              ScanDataOut         -         -
SO[1]              ScanDataOut         -         -
SO[0]              ScanDataOut         -         -
SI[4]              ScanDataIn          -         -
SI[3]              ScanDataIn          -         -
SI[2]              ScanDataIn          -         -
SI[1]              ScanDataIn          -         -
SI[0]              ScanDataIn          -         -
clk_i              ScanMasterClock     1         -         P 100.0 R 30.0 F 60.0
clk_i              MasterClock         1         -         P 100.0 R 30.0 F 60.0
rst_ni             Reset               0         -         P 100.0 R 60.0 F 30.0
scan_cg_en_i       ScanEnable          1         -
========================================
TEST MODE: Mission_mode_user
VIEW     : Existing DFT
========================================
Port               SignalType          Active    Hookup    Timing    Usage
----------         ----------          ------    ------    ------    -----
SO[4]              ScanDataOut         -         -
SO[3]              ScanDataOut         -         -
SO[2]              ScanDataOut         -         -
SO[1]              ScanDataOut         -         -
SO[0]              ScanDataOut         -         -
SI[4]              ScanDataIn          -         -
SI[3]              ScanDataIn          -         -
SI[2]              ScanDataIn          -         -
SI[1]              ScanDataIn          -         -
SI[0]              ScanDataIn          -         -
clk_i              ScanMasterClock     1         -         P 100.0 R 30.0 F 60.0
clk_i              MasterClock         1         -         P 100.0 R 30.0 F 60.0
rst_ni             Reset               0         -         P 100.0 R 60.0 F 30.0
========================================
TEST MODE: Mission_mode_protocol
VIEW     : Existing DFT
========================================
Port               SignalType          Active    Hookup    Timing    Usage
----------         ----------          ------    ------    ------    -----
SO[4]              ScanDataOut         -         -
SO[3]              ScanDataOut         -         -
SO[2]              ScanDataOut         -         -
SO[1]              ScanDataOut         -         -
SO[0]              ScanDataOut         -         -
SI[4]              ScanDataIn          -         -
SI[3]              ScanDataIn          -         -
SI[2]              ScanDataIn          -         -
SI[1]              ScanDataIn          -         -
SI[0]              ScanDataIn          -         -
clk_i              ScanMasterClock     1         -         P 100.0 R 30.0 F 60.0
clk_i              MasterClock         1         -         P 100.0 R 30.0 F 60.0
rst_ni             Reset               0         -         P 100.0 R 60.0 F 30.0
========================================
TEST MODE: Mission_mode
VIEW     : Existing DFT
========================================
Port               SignalType          Active    Hookup    Timing    Usage
----------         ----------          ------    ------    ------    -----
SO[4]              ScanDataOut         -         -
SO[3]              ScanDataOut         -         -
SO[2]              ScanDataOut         -         -
SO[1]              ScanDataOut         -         -
SO[0]              ScanDataOut         -         -
SI[4]              ScanDataIn          -         -
SI[3]              ScanDataIn          -         -
SI[2]              ScanDataIn          -         -
SI[1]              ScanDataIn          -         -
SI[0]              ScanDataIn          -         -
clk_i              ScanMasterClock     1         -         P 100.0 R 30.0 F 60.0
clk_i              MasterClock         1         -         P 100.0 R 30.0 F 60.0
rst_ni             Reset               0         -         P 100.0 R 60.0 F 30.0

1
