****************************************
Report : port
Module : cv32e40p_top
Mode   : default
Corner : default
Scenario: default
Version: O-2018.06-SP1
Date   : Thu May  8 16:45:13 2025
****************************************
                      Pin Cap                    Wire Cap
                   Min          Max           Min          Max
Port      Dir    rise/fall    rise/fall     rise/fall    rise/fall    Attributes
--------------------------------------------------------------------------------
SE        in     0.00/0.00    0.00/0.00     0.00/0.00    0.00/0.00
SI[0]     in     0.00/0.00    0.00/0.00     0.00/0.00    0.00/0.00
SI[1]     in     0.00/0.00    0.00/0.00     0.00/0.00    0.00/0.00
SI[2]     in     0.00/0.00    0.00/0.00     0.00/0.00    0.00/0.00
SI[3]     in     0.00/0.00    0.00/0.00     0.00/0.00    0.00/0.00
SI[4]     in     0.00/0.00    0.00/0.00     0.00/0.00    0.00/0.00
boot_addr_i[0]
          in     0.00/0.00    0.00/0.00     0.00/0.00    0.00/0.00
boot_addr_i[10]
          in     0.00/0.00    0.00/0.00     0.00/0.00    0.00/0.00
boot_addr_i[11]
          in     0.00/0.00    0.00/0.00     0.00/0.00    0.00/0.00
boot_addr_i[12]
          in     0.00/0.00    0.00/0.00     0.00/0.00    0.00/0.00
boot_addr_i[13]
          in     0.00/0.00    0.00/0.00     0.00/0.00    0.00/0.00
boot_addr_i[14]
          in     0.00/0.00    0.00/0.00     0.00/0.00    0.00/0.00
boot_addr_i[15]
          in     0.00/0.00    0.00/0.00     0.00/0.00    0.00/0.00
boot_addr_i[16]
          in     0.00/0.00    0.00/0.00     0.00/0.00    0.00/0.00
boot_addr_i[17]
          in     0.00/0.00    0.00/0.00     0.00/0.00    0.00/0.00
boot_addr_i[18]
          in     0.00/0.00    0.00/0.00     0.00/0.00    0.00/0.00
boot_addr_i[19]
          in     0.00/0.00    0.00/0.00     0.00/0.00    0.00/0.00
boot_addr_i[1]
          in     0.00/0.00    0.00/0.00     0.00/0.00    0.00/0.00
boot_addr_i[20]
          in     0.00/0.00    0.00/0.00     0.00/0.00    0.00/0.00
boot_addr_i[21]
          in     0.00/0.00    0.00/0.00     0.00/0.00    0.00/0.00
boot_addr_i[22]
          in     0.00/0.00    0.00/0.00     0.00/0.00    0.00/0.00
boot_addr_i[23]
          in     0.00/0.00    0.00/0.00     0.00/0.00    0.00/0.00
boot_addr_i[24]
          in     0.00/0.00    0.00/0.00     0.00/0.00    0.00/0.00
boot_addr_i[25]
          in     0.00/0.00    0.00/0.00     0.00/0.00    0.00/0.00
boot_addr_i[26]
          in     0.00/0.00    0.00/0.00     0.00/0.00    0.00/0.00
boot_addr_i[27]
          in     0.00/0.00    0.00/0.00     0.00/0.00    0.00/0.00
boot_addr_i[28]
          in     0.00/0.00    0.00/0.00     0.00/0.00    0.00/0.00
boot_addr_i[29]
          in     0.00/0.00    0.00/0.00     0.00/0.00    0.00/0.00
boot_addr_i[2]
          in     0.00/0.00    0.00/0.00     0.00/0.00    0.00/0.00
boot_addr_i[30]
          in     0.00/0.00    0.00/0.00     0.00/0.00    0.00/0.00
boot_addr_i[31]
          in     0.00/0.00    0.00/0.00     0.00/0.00    0.00/0.00
boot_addr_i[3]
          in     0.00/0.00    0.00/0.00     0.00/0.00    0.00/0.00
boot_addr_i[4]
          in     0.00/0.00    0.00/0.00     0.00/0.00    0.00/0.00
boot_addr_i[5]
          in     0.00/0.00    0.00/0.00     0.00/0.00    0.00/0.00
boot_addr_i[6]
          in     0.00/0.00    0.00/0.00     0.00/0.00    0.00/0.00
boot_addr_i[7]
          in     0.00/0.00    0.00/0.00     0.00/0.00    0.00/0.00
boot_addr_i[8]
          in     0.00/0.00    0.00/0.00     0.00/0.00    0.00/0.00
boot_addr_i[9]
          in     0.00/0.00    0.00/0.00     0.00/0.00    0.00/0.00
clk_i     in     0.00/0.00    0.00/0.00     0.00/0.00    0.00/0.00
data_gnt_i
          in     0.00/0.00    0.00/0.00     0.00/0.00    0.00/0.00
data_rdata_i[0]
          in     0.00/0.00    0.00/0.00     0.00/0.00    0.00/0.00
data_rdata_i[10]
          in     0.00/0.00    0.00/0.00     0.00/0.00    0.00/0.00
data_rdata_i[11]
          in     0.00/0.00    0.00/0.00     0.00/0.00    0.00/0.00
data_rdata_i[12]
          in     0.00/0.00    0.00/0.00     0.00/0.00    0.00/0.00
data_rdata_i[13]
          in     0.00/0.00    0.00/0.00     0.00/0.00    0.00/0.00
data_rdata_i[14]
          in     0.00/0.00    0.00/0.00     0.00/0.00    0.00/0.00
data_rdata_i[15]
          in     0.00/0.00    0.00/0.00     0.00/0.00    0.00/0.00
data_rdata_i[16]
          in     0.00/0.00    0.00/0.00     0.00/0.00    0.00/0.00
data_rdata_i[17]
          in     0.00/0.00    0.00/0.00     0.00/0.00    0.00/0.00
data_rdata_i[18]
          in     0.00/0.00    0.00/0.00     0.00/0.00    0.00/0.00
data_rdata_i[19]
          in     0.00/0.00    0.00/0.00     0.00/0.00    0.00/0.00
data_rdata_i[1]
          in     0.00/0.00    0.00/0.00     0.00/0.00    0.00/0.00
data_rdata_i[20]
          in     0.00/0.00    0.00/0.00     0.00/0.00    0.00/0.00
data_rdata_i[21]
          in     0.00/0.00    0.00/0.00     0.00/0.00    0.00/0.00
data_rdata_i[22]
          in     0.00/0.00    0.00/0.00     0.00/0.00    0.00/0.00
data_rdata_i[23]
          in     0.00/0.00    0.00/0.00     0.00/0.00    0.00/0.00
data_rdata_i[24]
          in     0.00/0.00    0.00/0.00     0.00/0.00    0.00/0.00
data_rdata_i[25]
          in     0.00/0.00    0.00/0.00     0.00/0.00    0.00/0.00
data_rdata_i[26]
          in     0.00/0.00    0.00/0.00     0.00/0.00    0.00/0.00
data_rdata_i[27]
          in     0.00/0.00    0.00/0.00     0.00/0.00    0.00/0.00
data_rdata_i[28]
          in     0.00/0.00    0.00/0.00     0.00/0.00    0.00/0.00
data_rdata_i[29]
          in     0.00/0.00    0.00/0.00     0.00/0.00    0.00/0.00
data_rdata_i[2]
          in     0.00/0.00    0.00/0.00     0.00/0.00    0.00/0.00
data_rdata_i[30]
          in     0.00/0.00    0.00/0.00     0.00/0.00    0.00/0.00
data_rdata_i[31]
          in     0.00/0.00    0.00/0.00     0.00/0.00    0.00/0.00
data_rdata_i[3]
          in     0.00/0.00    0.00/0.00     0.00/0.00    0.00/0.00
data_rdata_i[4]
          in     0.00/0.00    0.00/0.00     0.00/0.00    0.00/0.00
data_rdata_i[5]
          in     0.00/0.00    0.00/0.00     0.00/0.00    0.00/0.00
data_rdata_i[6]
          in     0.00/0.00    0.00/0.00     0.00/0.00    0.00/0.00
data_rdata_i[7]
          in     0.00/0.00    0.00/0.00     0.00/0.00    0.00/0.00
data_rdata_i[8]
          in     0.00/0.00    0.00/0.00     0.00/0.00    0.00/0.00
data_rdata_i[9]
          in     0.00/0.00    0.00/0.00     0.00/0.00    0.00/0.00
data_rvalid_i
          in     0.00/0.00    0.00/0.00     0.00/0.00    0.00/0.00
debug_req_i
          in     0.00/0.00    0.00/0.00     0.00/0.00    0.00/0.00
dm_exception_addr_i[0]
          in     0.00/0.00    0.00/0.00     0.00/0.00    0.00/0.00
dm_exception_addr_i[10]
          in     0.00/0.00    0.00/0.00     0.00/0.00    0.00/0.00
dm_exception_addr_i[11]
          in     0.00/0.00    0.00/0.00     0.00/0.00    0.00/0.00
dm_exception_addr_i[12]
          in     0.00/0.00    0.00/0.00     0.00/0.00    0.00/0.00
dm_exception_addr_i[13]
          in     0.00/0.00    0.00/0.00     0.00/0.00    0.00/0.00
dm_exception_addr_i[14]
          in     0.00/0.00    0.00/0.00     0.00/0.00    0.00/0.00
dm_exception_addr_i[15]
          in     0.00/0.00    0.00/0.00     0.00/0.00    0.00/0.00
dm_exception_addr_i[16]
          in     0.00/0.00    0.00/0.00     0.00/0.00    0.00/0.00
dm_exception_addr_i[17]
          in     0.00/0.00    0.00/0.00     0.00/0.00    0.00/0.00
dm_exception_addr_i[18]
          in     0.00/0.00    0.00/0.00     0.00/0.00    0.00/0.00
dm_exception_addr_i[19]
          in     0.00/0.00    0.00/0.00     0.00/0.00    0.00/0.00
dm_exception_addr_i[1]
          in     0.00/0.00    0.00/0.00     0.00/0.00    0.00/0.00
dm_exception_addr_i[20]
          in     0.00/0.00    0.00/0.00     0.00/0.00    0.00/0.00
dm_exception_addr_i[21]
          in     0.00/0.00    0.00/0.00     0.00/0.00    0.00/0.00
dm_exception_addr_i[22]
          in     0.00/0.00    0.00/0.00     0.00/0.00    0.00/0.00
dm_exception_addr_i[23]
          in     0.00/0.00    0.00/0.00     0.00/0.00    0.00/0.00
dm_exception_addr_i[24]
          in     0.00/0.00    0.00/0.00     0.00/0.00    0.00/0.00
dm_exception_addr_i[25]
          in     0.00/0.00    0.00/0.00     0.00/0.00    0.00/0.00
dm_exception_addr_i[26]
          in     0.00/0.00    0.00/0.00     0.00/0.00    0.00/0.00
dm_exception_addr_i[27]
          in     0.00/0.00    0.00/0.00     0.00/0.00    0.00/0.00
dm_exception_addr_i[28]
          in     0.00/0.00    0.00/0.00     0.00/0.00    0.00/0.00
dm_exception_addr_i[29]
          in     0.00/0.00    0.00/0.00     0.00/0.00    0.00/0.00
dm_exception_addr_i[2]
          in     0.00/0.00    0.00/0.00     0.00/0.00    0.00/0.00
dm_exception_addr_i[30]
          in     0.00/0.00    0.00/0.00     0.00/0.00    0.00/0.00
dm_exception_addr_i[31]
          in     0.00/0.00    0.00/0.00     0.00/0.00    0.00/0.00
dm_exception_addr_i[3]
          in     0.00/0.00    0.00/0.00     0.00/0.00    0.00/0.00
dm_exception_addr_i[4]
          in     0.00/0.00    0.00/0.00     0.00/0.00    0.00/0.00
dm_exception_addr_i[5]
          in     0.00/0.00    0.00/0.00     0.00/0.00    0.00/0.00
dm_exception_addr_i[6]
          in     0.00/0.00    0.00/0.00     0.00/0.00    0.00/0.00
dm_exception_addr_i[7]
          in     0.00/0.00    0.00/0.00     0.00/0.00    0.00/0.00
dm_exception_addr_i[8]
          in     0.00/0.00    0.00/0.00     0.00/0.00    0.00/0.00
dm_exception_addr_i[9]
          in     0.00/0.00    0.00/0.00     0.00/0.00    0.00/0.00
dm_halt_addr_i[0]
          in     0.00/0.00    0.00/0.00     0.00/0.00    0.00/0.00
dm_halt_addr_i[10]
          in     0.00/0.00    0.00/0.00     0.00/0.00    0.00/0.00
dm_halt_addr_i[11]
          in     0.00/0.00    0.00/0.00     0.00/0.00    0.00/0.00
dm_halt_addr_i[12]
          in     0.00/0.00    0.00/0.00     0.00/0.00    0.00/0.00
dm_halt_addr_i[13]
          in     0.00/0.00    0.00/0.00     0.00/0.00    0.00/0.00
dm_halt_addr_i[14]
          in     0.00/0.00    0.00/0.00     0.00/0.00    0.00/0.00
dm_halt_addr_i[15]
          in     0.00/0.00    0.00/0.00     0.00/0.00    0.00/0.00
dm_halt_addr_i[16]
          in     0.00/0.00    0.00/0.00     0.00/0.00    0.00/0.00
dm_halt_addr_i[17]
          in     0.00/0.00    0.00/0.00     0.00/0.00    0.00/0.00
dm_halt_addr_i[18]
          in     0.00/0.00    0.00/0.00     0.00/0.00    0.00/0.00
dm_halt_addr_i[19]
          in     0.00/0.00    0.00/0.00     0.00/0.00    0.00/0.00
dm_halt_addr_i[1]
          in     0.00/0.00    0.00/0.00     0.00/0.00    0.00/0.00
dm_halt_addr_i[20]
          in     0.00/0.00    0.00/0.00     0.00/0.00    0.00/0.00
dm_halt_addr_i[21]
          in     0.00/0.00    0.00/0.00     0.00/0.00    0.00/0.00
dm_halt_addr_i[22]
          in     0.00/0.00    0.00/0.00     0.00/0.00    0.00/0.00
dm_halt_addr_i[23]
          in     0.00/0.00    0.00/0.00     0.00/0.00    0.00/0.00
dm_halt_addr_i[24]
          in     0.00/0.00    0.00/0.00     0.00/0.00    0.00/0.00
dm_halt_addr_i[25]
          in     0.00/0.00    0.00/0.00     0.00/0.00    0.00/0.00
dm_halt_addr_i[26]
          in     0.00/0.00    0.00/0.00     0.00/0.00    0.00/0.00
dm_halt_addr_i[27]
          in     0.00/0.00    0.00/0.00     0.00/0.00    0.00/0.00
dm_halt_addr_i[28]
          in     0.00/0.00    0.00/0.00     0.00/0.00    0.00/0.00
dm_halt_addr_i[29]
          in     0.00/0.00    0.00/0.00     0.00/0.00    0.00/0.00
dm_halt_addr_i[2]
          in     0.00/0.00    0.00/0.00     0.00/0.00    0.00/0.00
dm_halt_addr_i[30]
          in     0.00/0.00    0.00/0.00     0.00/0.00    0.00/0.00
dm_halt_addr_i[31]
          in     0.00/0.00    0.00/0.00     0.00/0.00    0.00/0.00
dm_halt_addr_i[3]
          in     0.00/0.00    0.00/0.00     0.00/0.00    0.00/0.00
dm_halt_addr_i[4]
          in     0.00/0.00    0.00/0.00     0.00/0.00    0.00/0.00
dm_halt_addr_i[5]
          in     0.00/0.00    0.00/0.00     0.00/0.00    0.00/0.00
dm_halt_addr_i[6]
          in     0.00/0.00    0.00/0.00     0.00/0.00    0.00/0.00
dm_halt_addr_i[7]
          in     0.00/0.00    0.00/0.00     0.00/0.00    0.00/0.00
dm_halt_addr_i[8]
          in     0.00/0.00    0.00/0.00     0.00/0.00    0.00/0.00
dm_halt_addr_i[9]
          in     0.00/0.00    0.00/0.00     0.00/0.00    0.00/0.00
fetch_enable_i
          in     0.00/0.00    0.00/0.00     0.00/0.00    0.00/0.00
hart_id_i[0]
          in     0.00/0.00    0.00/0.00     0.00/0.00    0.00/0.00
hart_id_i[10]
          in     0.00/0.00    0.00/0.00     0.00/0.00    0.00/0.00
hart_id_i[11]
          in     0.00/0.00    0.00/0.00     0.00/0.00    0.00/0.00
hart_id_i[12]
          in     0.00/0.00    0.00/0.00     0.00/0.00    0.00/0.00
hart_id_i[13]
          in     0.00/0.00    0.00/0.00     0.00/0.00    0.00/0.00
hart_id_i[14]
          in     0.00/0.00    0.00/0.00     0.00/0.00    0.00/0.00
hart_id_i[15]
          in     0.00/0.00    0.00/0.00     0.00/0.00    0.00/0.00
hart_id_i[16]
          in     0.00/0.00    0.00/0.00     0.00/0.00    0.00/0.00
hart_id_i[17]
          in     0.00/0.00    0.00/0.00     0.00/0.00    0.00/0.00
hart_id_i[18]
          in     0.00/0.00    0.00/0.00     0.00/0.00    0.00/0.00
hart_id_i[19]
          in     0.00/0.00    0.00/0.00     0.00/0.00    0.00/0.00
hart_id_i[1]
          in     0.00/0.00    0.00/0.00     0.00/0.00    0.00/0.00
hart_id_i[20]
          in     0.00/0.00    0.00/0.00     0.00/0.00    0.00/0.00
hart_id_i[21]
          in     0.00/0.00    0.00/0.00     0.00/0.00    0.00/0.00
hart_id_i[22]
          in     0.00/0.00    0.00/0.00     0.00/0.00    0.00/0.00
hart_id_i[23]
          in     0.00/0.00    0.00/0.00     0.00/0.00    0.00/0.00
hart_id_i[24]
          in     0.00/0.00    0.00/0.00     0.00/0.00    0.00/0.00
hart_id_i[25]
          in     0.00/0.00    0.00/0.00     0.00/0.00    0.00/0.00
hart_id_i[26]
          in     0.00/0.00    0.00/0.00     0.00/0.00    0.00/0.00
hart_id_i[27]
          in     0.00/0.00    0.00/0.00     0.00/0.00    0.00/0.00
hart_id_i[28]
          in     0.00/0.00    0.00/0.00     0.00/0.00    0.00/0.00
hart_id_i[29]
          in     0.00/0.00    0.00/0.00     0.00/0.00    0.00/0.00
hart_id_i[2]
          in     0.00/0.00    0.00/0.00     0.00/0.00    0.00/0.00
hart_id_i[30]
          in     0.00/0.00    0.00/0.00     0.00/0.00    0.00/0.00
hart_id_i[31]
          in     0.00/0.00    0.00/0.00     0.00/0.00    0.00/0.00
hart_id_i[3]
          in     0.00/0.00    0.00/0.00     0.00/0.00    0.00/0.00
hart_id_i[4]
          in     0.00/0.00    0.00/0.00     0.00/0.00    0.00/0.00
hart_id_i[5]
          in     0.00/0.00    0.00/0.00     0.00/0.00    0.00/0.00
hart_id_i[6]
          in     0.00/0.00    0.00/0.00     0.00/0.00    0.00/0.00
hart_id_i[7]
          in     0.00/0.00    0.00/0.00     0.00/0.00    0.00/0.00
hart_id_i[8]
          in     0.00/0.00    0.00/0.00     0.00/0.00    0.00/0.00
hart_id_i[9]
          in     0.00/0.00    0.00/0.00     0.00/0.00    0.00/0.00
instr_gnt_i
          in     0.00/0.00    0.00/0.00     0.00/0.00    0.00/0.00
instr_rdata_i[0]
          in     0.00/0.00    0.00/0.00     0.00/0.00    0.00/0.00
instr_rdata_i[10]
          in     0.00/0.00    0.00/0.00     0.00/0.00    0.00/0.00
instr_rdata_i[11]
          in     0.00/0.00    0.00/0.00     0.00/0.00    0.00/0.00
instr_rdata_i[12]
          in     0.00/0.00    0.00/0.00     0.00/0.00    0.00/0.00
instr_rdata_i[13]
          in     0.00/0.00    0.00/0.00     0.00/0.00    0.00/0.00
instr_rdata_i[14]
          in     0.00/0.00    0.00/0.00     0.00/0.00    0.00/0.00
instr_rdata_i[15]
          in     0.00/0.00    0.00/0.00     0.00/0.00    0.00/0.00
instr_rdata_i[16]
          in     0.00/0.00    0.00/0.00     0.00/0.00    0.00/0.00
instr_rdata_i[17]
          in     0.00/0.00    0.00/0.00     0.00/0.00    0.00/0.00
instr_rdata_i[18]
          in     0.00/0.00    0.00/0.00     0.00/0.00    0.00/0.00
instr_rdata_i[19]
          in     0.00/0.00    0.00/0.00     0.00/0.00    0.00/0.00
instr_rdata_i[1]
          in     0.00/0.00    0.00/0.00     0.00/0.00    0.00/0.00
instr_rdata_i[20]
          in     0.00/0.00    0.00/0.00     0.00/0.00    0.00/0.00
instr_rdata_i[21]
          in     0.00/0.00    0.00/0.00     0.00/0.00    0.00/0.00
instr_rdata_i[22]
          in     0.00/0.00    0.00/0.00     0.00/0.00    0.00/0.00
instr_rdata_i[23]
          in     0.00/0.00    0.00/0.00     0.00/0.00    0.00/0.00
instr_rdata_i[24]
          in     0.00/0.00    0.00/0.00     0.00/0.00    0.00/0.00
instr_rdata_i[25]
          in     0.00/0.00    0.00/0.00     0.00/0.00    0.00/0.00
instr_rdata_i[26]
          in     0.00/0.00    0.00/0.00     0.00/0.00    0.00/0.00
instr_rdata_i[27]
          in     0.00/0.00    0.00/0.00     0.00/0.00    0.00/0.00
instr_rdata_i[28]
          in     0.00/0.00    0.00/0.00     0.00/0.00    0.00/0.00
instr_rdata_i[29]
          in     0.00/0.00    0.00/0.00     0.00/0.00    0.00/0.00
instr_rdata_i[2]
          in     0.00/0.00    0.00/0.00     0.00/0.00    0.00/0.00
instr_rdata_i[30]
          in     0.00/0.00    0.00/0.00     0.00/0.00    0.00/0.00
instr_rdata_i[31]
          in     0.00/0.00    0.00/0.00     0.00/0.00    0.00/0.00
instr_rdata_i[3]
          in     0.00/0.00    0.00/0.00     0.00/0.00    0.00/0.00
instr_rdata_i[4]
          in     0.00/0.00    0.00/0.00     0.00/0.00    0.00/0.00
instr_rdata_i[5]
          in     0.00/0.00    0.00/0.00     0.00/0.00    0.00/0.00
instr_rdata_i[6]
          in     0.00/0.00    0.00/0.00     0.00/0.00    0.00/0.00
instr_rdata_i[7]
          in     0.00/0.00    0.00/0.00     0.00/0.00    0.00/0.00
instr_rdata_i[8]
          in     0.00/0.00    0.00/0.00     0.00/0.00    0.00/0.00
instr_rdata_i[9]
          in     0.00/0.00    0.00/0.00     0.00/0.00    0.00/0.00
instr_rvalid_i
          in     0.00/0.00    0.00/0.00     0.00/0.00    0.00/0.00
irq_i[0]  in     0.00/0.00    0.00/0.00     0.00/0.00    0.00/0.00
irq_i[10] in     0.00/0.00    0.00/0.00     0.00/0.00    0.00/0.00
irq_i[11] in     0.00/0.00    0.00/0.00     0.00/0.00    0.00/0.00
irq_i[12] in     0.00/0.00    0.00/0.00     0.00/0.00    0.00/0.00
irq_i[13] in     0.00/0.00    0.00/0.00     0.00/0.00    0.00/0.00
irq_i[14] in     0.00/0.00    0.00/0.00     0.00/0.00    0.00/0.00
irq_i[15] in     0.00/0.00    0.00/0.00     0.00/0.00    0.00/0.00
irq_i[16] in     0.00/0.00    0.00/0.00     0.00/0.00    0.00/0.00
irq_i[17] in     0.00/0.00    0.00/0.00     0.00/0.00    0.00/0.00
irq_i[18] in     0.00/0.00    0.00/0.00     0.00/0.00    0.00/0.00
irq_i[19] in     0.00/0.00    0.00/0.00     0.00/0.00    0.00/0.00
irq_i[1]  in     0.00/0.00    0.00/0.00     0.00/0.00    0.00/0.00
irq_i[20] in     0.00/0.00    0.00/0.00     0.00/0.00    0.00/0.00
irq_i[21] in     0.00/0.00    0.00/0.00     0.00/0.00    0.00/0.00
irq_i[22] in     0.00/0.00    0.00/0.00     0.00/0.00    0.00/0.00
irq_i[23] in     0.00/0.00    0.00/0.00     0.00/0.00    0.00/0.00
irq_i[24] in     0.00/0.00    0.00/0.00     0.00/0.00    0.00/0.00
irq_i[25] in     0.00/0.00    0.00/0.00     0.00/0.00    0.00/0.00
irq_i[26] in     0.00/0.00    0.00/0.00     0.00/0.00    0.00/0.00
irq_i[27] in     0.00/0.00    0.00/0.00     0.00/0.00    0.00/0.00
irq_i[28] in     0.00/0.00    0.00/0.00     0.00/0.00    0.00/0.00
irq_i[29] in     0.00/0.00    0.00/0.00     0.00/0.00    0.00/0.00
irq_i[2]  in     0.00/0.00    0.00/0.00     0.00/0.00    0.00/0.00
irq_i[30] in     0.00/0.00    0.00/0.00     0.00/0.00    0.00/0.00
irq_i[31] in     0.00/0.00    0.00/0.00     0.00/0.00    0.00/0.00
irq_i[3]  in     0.00/0.00    0.00/0.00     0.00/0.00    0.00/0.00
irq_i[4]  in     0.00/0.00    0.00/0.00     0.00/0.00    0.00/0.00
irq_i[5]  in     0.00/0.00    0.00/0.00     0.00/0.00    0.00/0.00
irq_i[6]  in     0.00/0.00    0.00/0.00     0.00/0.00    0.00/0.00
irq_i[7]  in     0.00/0.00    0.00/0.00     0.00/0.00    0.00/0.00
irq_i[8]  in     0.00/0.00    0.00/0.00     0.00/0.00    0.00/0.00
irq_i[9]  in     0.00/0.00    0.00/0.00     0.00/0.00    0.00/0.00
mtvec_addr_i[0]
          in     0.00/0.00    0.00/0.00     0.00/0.00    0.00/0.00
mtvec_addr_i[10]
          in     0.00/0.00    0.00/0.00     0.00/0.00    0.00/0.00
mtvec_addr_i[11]
          in     0.00/0.00    0.00/0.00     0.00/0.00    0.00/0.00
mtvec_addr_i[12]
          in     0.00/0.00    0.00/0.00     0.00/0.00    0.00/0.00
mtvec_addr_i[13]
          in     0.00/0.00    0.00/0.00     0.00/0.00    0.00/0.00
mtvec_addr_i[14]
          in     0.00/0.00    0.00/0.00     0.00/0.00    0.00/0.00
mtvec_addr_i[15]
          in     0.00/0.00    0.00/0.00     0.00/0.00    0.00/0.00
mtvec_addr_i[16]
          in     0.00/0.00    0.00/0.00     0.00/0.00    0.00/0.00
mtvec_addr_i[17]
          in     0.00/0.00    0.00/0.00     0.00/0.00    0.00/0.00
mtvec_addr_i[18]
          in     0.00/0.00    0.00/0.00     0.00/0.00    0.00/0.00
mtvec_addr_i[19]
          in     0.00/0.00    0.00/0.00     0.00/0.00    0.00/0.00
mtvec_addr_i[1]
          in     0.00/0.00    0.00/0.00     0.00/0.00    0.00/0.00
mtvec_addr_i[20]
          in     0.00/0.00    0.00/0.00     0.00/0.00    0.00/0.00
mtvec_addr_i[21]
          in     0.00/0.00    0.00/0.00     0.00/0.00    0.00/0.00
mtvec_addr_i[22]
          in     0.00/0.00    0.00/0.00     0.00/0.00    0.00/0.00
mtvec_addr_i[23]
          in     0.00/0.00    0.00/0.00     0.00/0.00    0.00/0.00
mtvec_addr_i[24]
          in     0.00/0.00    0.00/0.00     0.00/0.00    0.00/0.00
mtvec_addr_i[25]
          in     0.00/0.00    0.00/0.00     0.00/0.00    0.00/0.00
mtvec_addr_i[26]
          in     0.00/0.00    0.00/0.00     0.00/0.00    0.00/0.00
mtvec_addr_i[27]
          in     0.00/0.00    0.00/0.00     0.00/0.00    0.00/0.00
mtvec_addr_i[28]
          in     0.00/0.00    0.00/0.00     0.00/0.00    0.00/0.00
mtvec_addr_i[29]
          in     0.00/0.00    0.00/0.00     0.00/0.00    0.00/0.00
mtvec_addr_i[2]
          in     0.00/0.00    0.00/0.00     0.00/0.00    0.00/0.00
mtvec_addr_i[30]
          in     0.00/0.00    0.00/0.00     0.00/0.00    0.00/0.00
mtvec_addr_i[31]
          in     0.00/0.00    0.00/0.00     0.00/0.00    0.00/0.00
mtvec_addr_i[3]
          in     0.00/0.00    0.00/0.00     0.00/0.00    0.00/0.00
mtvec_addr_i[4]
          in     0.00/0.00    0.00/0.00     0.00/0.00    0.00/0.00
mtvec_addr_i[5]
          in     0.00/0.00    0.00/0.00     0.00/0.00    0.00/0.00
mtvec_addr_i[6]
          in     0.00/0.00    0.00/0.00     0.00/0.00    0.00/0.00
mtvec_addr_i[7]
          in     0.00/0.00    0.00/0.00     0.00/0.00    0.00/0.00
mtvec_addr_i[8]
          in     0.00/0.00    0.00/0.00     0.00/0.00    0.00/0.00
mtvec_addr_i[9]
          in     0.00/0.00    0.00/0.00     0.00/0.00    0.00/0.00
pulp_clock_en_i
          in     0.00/0.00    0.00/0.00     0.00/0.00    0.00/0.00
rst_ni    in     0.00/0.00    0.00/0.00     0.00/0.00    0.00/0.00
scan_clk  in     0.00/0.00    0.00/0.00     0.00/0.00    0.00/0.00
scan_rst  in     0.00/0.00    0.00/0.00     0.00/0.00    0.00/0.00
test_mode in     0.00/0.00    0.00/0.00     0.00/0.00    0.00/0.00
1
