****************************************
Report : port
Module : cv32e40p_top
Mode   : default
Corner : default
Scenario: default
Version: O-2018.06-SP1
Date   : Thu May  8 16:45:13 2025
****************************************
                      Pin Cap                    Wire Cap
                   Min          Max           Min          Max
Port      Dir    rise/fall    rise/fall     rise/fall    rise/fall    Attributes
--------------------------------------------------------------------------------
SO[0]     out    0.00/0.00    0.00/0.00     0.00/0.00    0.00/0.00
SO[1]     out    0.00/0.00    0.00/0.00     0.00/0.00    0.00/0.00
SO[2]     out    0.00/0.00    0.00/0.00     0.00/0.00    0.00/0.00
SO[3]     out    0.00/0.00    0.00/0.00     0.00/0.00    0.00/0.00
SO[4]     out    0.00/0.00    0.00/0.00     0.00/0.00    0.00/0.00
core_sleep_o
          out    0.00/0.00    0.00/0.00     0.00/0.00    0.00/0.00
data_addr_o[0]
          out    0.00/0.00    0.00/0.00     0.00/0.00    0.00/0.00
data_addr_o[10]
          out    0.00/0.00    0.00/0.00     0.00/0.00    0.00/0.00
data_addr_o[11]
          out    0.00/0.00    0.00/0.00     0.00/0.00    0.00/0.00
data_addr_o[12]
          out    0.00/0.00    0.00/0.00     0.00/0.00    0.00/0.00
data_addr_o[13]
          out    0.00/0.00    0.00/0.00     0.00/0.00    0.00/0.00
data_addr_o[14]
          out    0.00/0.00    0.00/0.00     0.00/0.00    0.00/0.00
data_addr_o[15]
          out    0.00/0.00    0.00/0.00     0.00/0.00    0.00/0.00
data_addr_o[16]
          out    0.00/0.00    0.00/0.00     0.00/0.00    0.00/0.00
data_addr_o[17]
          out    0.00/0.00    0.00/0.00     0.00/0.00    0.00/0.00
data_addr_o[18]
          out    0.00/0.00    0.00/0.00     0.00/0.00    0.00/0.00
data_addr_o[19]
          out    0.00/0.00    0.00/0.00     0.00/0.00    0.00/0.00
data_addr_o[1]
          out    0.00/0.00    0.00/0.00     0.00/0.00    0.00/0.00
data_addr_o[20]
          out    0.00/0.00    0.00/0.00     0.00/0.00    0.00/0.00
data_addr_o[21]
          out    0.00/0.00    0.00/0.00     0.00/0.00    0.00/0.00
data_addr_o[22]
          out    0.00/0.00    0.00/0.00     0.00/0.00    0.00/0.00
data_addr_o[23]
          out    0.00/0.00    0.00/0.00     0.00/0.00    0.00/0.00
data_addr_o[24]
          out    0.00/0.00    0.00/0.00     0.00/0.00    0.00/0.00
data_addr_o[25]
          out    0.00/0.00    0.00/0.00     0.00/0.00    0.00/0.00
data_addr_o[26]
          out    0.00/0.00    0.00/0.00     0.00/0.00    0.00/0.00
data_addr_o[27]
          out    0.00/0.00    0.00/0.00     0.00/0.00    0.00/0.00
data_addr_o[28]
          out    0.00/0.00    0.00/0.00     0.00/0.00    0.00/0.00
data_addr_o[29]
          out    0.00/0.00    0.00/0.00     0.00/0.00    0.00/0.00
data_addr_o[2]
          out    0.00/0.00    0.00/0.00     0.00/0.00    0.00/0.00
data_addr_o[30]
          out    0.00/0.00    0.00/0.00     0.00/0.00    0.00/0.00
data_addr_o[31]
          out    0.00/0.00    0.00/0.00     0.00/0.00    0.00/0.00
data_addr_o[3]
          out    0.00/0.00    0.00/0.00     0.00/0.00    0.00/0.00
data_addr_o[4]
          out    0.00/0.00    0.00/0.00     0.00/0.00    0.00/0.00
data_addr_o[5]
          out    0.00/0.00    0.00/0.00     0.00/0.00    0.00/0.00
data_addr_o[6]
          out    0.00/0.00    0.00/0.00     0.00/0.00    0.00/0.00
data_addr_o[7]
          out    0.00/0.00    0.00/0.00     0.00/0.00    0.00/0.00
data_addr_o[8]
          out    0.00/0.00    0.00/0.00     0.00/0.00    0.00/0.00
data_addr_o[9]
          out    0.00/0.00    0.00/0.00     0.00/0.00    0.00/0.00
data_be_o[0]
          out    0.00/0.00    0.00/0.00     0.00/0.00    0.00/0.00
data_be_o[1]
          out    0.00/0.00    0.00/0.00     0.00/0.00    0.00/0.00
data_be_o[2]
          out    0.00/0.00    0.00/0.00     0.00/0.00    0.00/0.00
data_be_o[3]
          out    0.00/0.00    0.00/0.00     0.00/0.00    0.00/0.00
data_req_o
          out    0.00/0.00    0.00/0.00     0.00/0.00    0.00/0.00
data_wdata_o[0]
          out    0.00/0.00    0.00/0.00     0.00/0.00    0.00/0.00
data_wdata_o[10]
          out    0.00/0.00    0.00/0.00     0.00/0.00    0.00/0.00
data_wdata_o[11]
          out    0.00/0.00    0.00/0.00     0.00/0.00    0.00/0.00
data_wdata_o[12]
          out    0.00/0.00    0.00/0.00     0.00/0.00    0.00/0.00
data_wdata_o[13]
          out    0.00/0.00    0.00/0.00     0.00/0.00    0.00/0.00
data_wdata_o[14]
          out    0.00/0.00    0.00/0.00     0.00/0.00    0.00/0.00
data_wdata_o[15]
          out    0.00/0.00    0.00/0.00     0.00/0.00    0.00/0.00
data_wdata_o[16]
          out    0.00/0.00    0.00/0.00     0.00/0.00    0.00/0.00
data_wdata_o[17]
          out    0.00/0.00    0.00/0.00     0.00/0.00    0.00/0.00
data_wdata_o[18]
          out    0.00/0.00    0.00/0.00     0.00/0.00    0.00/0.00
data_wdata_o[19]
          out    0.00/0.00    0.00/0.00     0.00/0.00    0.00/0.00
data_wdata_o[1]
          out    0.00/0.00    0.00/0.00     0.00/0.00    0.00/0.00
data_wdata_o[20]
          out    0.00/0.00    0.00/0.00     0.00/0.00    0.00/0.00
data_wdata_o[21]
          out    0.00/0.00    0.00/0.00     0.00/0.00    0.00/0.00
data_wdata_o[22]
          out    0.00/0.00    0.00/0.00     0.00/0.00    0.00/0.00
data_wdata_o[23]
          out    0.00/0.00    0.00/0.00     0.00/0.00    0.00/0.00
data_wdata_o[24]
          out    0.00/0.00    0.00/0.00     0.00/0.00    0.00/0.00
data_wdata_o[25]
          out    0.00/0.00    0.00/0.00     0.00/0.00    0.00/0.00
data_wdata_o[26]
          out    0.00/0.00    0.00/0.00     0.00/0.00    0.00/0.00
data_wdata_o[27]
          out    0.00/0.00    0.00/0.00     0.00/0.00    0.00/0.00
data_wdata_o[28]
          out    0.00/0.00    0.00/0.00     0.00/0.00    0.00/0.00
data_wdata_o[29]
          out    0.00/0.00    0.00/0.00     0.00/0.00    0.00/0.00
data_wdata_o[2]
          out    0.00/0.00    0.00/0.00     0.00/0.00    0.00/0.00
data_wdata_o[30]
          out    0.00/0.00    0.00/0.00     0.00/0.00    0.00/0.00
data_wdata_o[31]
          out    0.00/0.00    0.00/0.00     0.00/0.00    0.00/0.00
data_wdata_o[3]
          out    0.00/0.00    0.00/0.00     0.00/0.00    0.00/0.00
data_wdata_o[4]
          out    0.00/0.00    0.00/0.00     0.00/0.00    0.00/0.00
data_wdata_o[5]
          out    0.00/0.00    0.00/0.00     0.00/0.00    0.00/0.00
data_wdata_o[6]
          out    0.00/0.00    0.00/0.00     0.00/0.00    0.00/0.00
data_wdata_o[7]
          out    0.00/0.00    0.00/0.00     0.00/0.00    0.00/0.00
data_wdata_o[8]
          out    0.00/0.00    0.00/0.00     0.00/0.00    0.00/0.00
data_wdata_o[9]
          out    0.00/0.00    0.00/0.00     0.00/0.00    0.00/0.00
data_we_o out    0.00/0.00    0.00/0.00     0.00/0.00    0.00/0.00
debug_halted_o
          out    0.00/0.00    0.00/0.00     0.00/0.00    0.00/0.00
debug_havereset_o
          out    0.00/0.00    0.00/0.00     0.00/0.00    0.00/0.00
debug_running_o
          out    0.00/0.00    0.00/0.00     0.00/0.00    0.00/0.00
instr_addr_o[0]
          out    0.00/0.00    0.00/0.00     0.00/0.00    0.00/0.00
instr_addr_o[10]
          out    0.00/0.00    0.00/0.00     0.00/0.00    0.00/0.00
instr_addr_o[11]
          out    0.00/0.00    0.00/0.00     0.00/0.00    0.00/0.00
instr_addr_o[12]
          out    0.00/0.00    0.00/0.00     0.00/0.00    0.00/0.00
instr_addr_o[13]
          out    0.00/0.00    0.00/0.00     0.00/0.00    0.00/0.00
instr_addr_o[14]
          out    0.00/0.00    0.00/0.00     0.00/0.00    0.00/0.00
instr_addr_o[15]
          out    0.00/0.00    0.00/0.00     0.00/0.00    0.00/0.00
instr_addr_o[16]
          out    0.00/0.00    0.00/0.00     0.00/0.00    0.00/0.00
instr_addr_o[17]
          out    0.00/0.00    0.00/0.00     0.00/0.00    0.00/0.00
instr_addr_o[18]
          out    0.00/0.00    0.00/0.00     0.00/0.00    0.00/0.00
instr_addr_o[19]
          out    0.00/0.00    0.00/0.00     0.00/0.00    0.00/0.00
instr_addr_o[1]
          out    0.00/0.00    0.00/0.00     0.00/0.00    0.00/0.00
instr_addr_o[20]
          out    0.00/0.00    0.00/0.00     0.00/0.00    0.00/0.00
instr_addr_o[21]
          out    0.00/0.00    0.00/0.00     0.00/0.00    0.00/0.00
instr_addr_o[22]
          out    0.00/0.00    0.00/0.00     0.00/0.00    0.00/0.00
instr_addr_o[23]
          out    0.00/0.00    0.00/0.00     0.00/0.00    0.00/0.00
instr_addr_o[24]
          out    0.00/0.00    0.00/0.00     0.00/0.00    0.00/0.00
instr_addr_o[25]
          out    0.00/0.00    0.00/0.00     0.00/0.00    0.00/0.00
instr_addr_o[26]
          out    0.00/0.00    0.00/0.00     0.00/0.00    0.00/0.00
instr_addr_o[27]
          out    0.00/0.00    0.00/0.00     0.00/0.00    0.00/0.00
instr_addr_o[28]
          out    0.00/0.00    0.00/0.00     0.00/0.00    0.00/0.00
instr_addr_o[29]
          out    0.00/0.00    0.00/0.00     0.00/0.00    0.00/0.00
instr_addr_o[2]
          out    0.00/0.00    0.00/0.00     0.00/0.00    0.00/0.00
instr_addr_o[30]
          out    0.00/0.00    0.00/0.00     0.00/0.00    0.00/0.00
instr_addr_o[31]
          out    0.00/0.00    0.00/0.00     0.00/0.00    0.00/0.00
instr_addr_o[3]
          out    0.00/0.00    0.00/0.00     0.00/0.00    0.00/0.00
instr_addr_o[4]
          out    0.00/0.00    0.00/0.00     0.00/0.00    0.00/0.00
instr_addr_o[5]
          out    0.00/0.00    0.00/0.00     0.00/0.00    0.00/0.00
instr_addr_o[6]
          out    0.00/0.00    0.00/0.00     0.00/0.00    0.00/0.00
instr_addr_o[7]
          out    0.00/0.00    0.00/0.00     0.00/0.00    0.00/0.00
instr_addr_o[8]
          out    0.00/0.00    0.00/0.00     0.00/0.00    0.00/0.00
instr_addr_o[9]
          out    0.00/0.00    0.00/0.00     0.00/0.00    0.00/0.00
instr_req_o
          out    0.00/0.00    0.00/0.00     0.00/0.00    0.00/0.00
irq_ack_o out    0.00/0.00    0.00/0.00     0.00/0.00    0.00/0.00
irq_id_o[0]
          out    0.00/0.00    0.00/0.00     0.00/0.00    0.00/0.00
irq_id_o[1]
          out    0.00/0.00    0.00/0.00     0.00/0.00    0.00/0.00
irq_id_o[2]
          out    0.00/0.00    0.00/0.00     0.00/0.00    0.00/0.00
irq_id_o[3]
          out    0.00/0.00    0.00/0.00     0.00/0.00    0.00/0.00
irq_id_o[4]
          out    0.00/0.00    0.00/0.00     0.00/0.00    0.00/0.00
1
