****************************************
Report : report_utilization
Design : cv32e40p_top
Version: O-2018.06-SP1
Date   : Fri May 30 18:14:40 2025
****************************************
Utilization Ratio:			0.6145
Utilization options:
 - Area calculation based on:		site_row of block cv32e40p_CTS
 - Categories of objects excluded:	hard_macros macro_keepouts soft_macros io_cells hard_blockages 
Total Area:				50901.2256
Total Capacity Area:			50901.2256
Total Area of cells:			31279.8888
Area of excluded objects:
 - hard_macros         :		0.0000
 - macro_keepouts      :		0.0000
 - soft_macros         :		0.0000
 - io_cells            :		0.0000
 - hard_blockages      :		0.0000

Utilization of site-rows with:
 - Site 'unit':				0.6145

0.6145
