Loading cell instances...
Number of Standard Cells: 27063
Number of Macro Cells: 0
Number of IO Pad Cells: 0
Number of Blocks: 0
Loading P/G wires and vias...
Number of VDD Wires: 126
Number of VDD Vias: 837
Number of VDD Terminals: 0
Number of VSS Wires: 155
Number of VSS Vias: 1658
Number of VSS Terminals: 0
**************Verify net VDD connectivity*****************
  Number of floating wires: 108
  Number of floating vias: 0
  Number of floating std cells: 27063
  Number of floating hard macros: 0
  Number of floating I/O pads: 0
  Number of floating terminals: 0
  Number of floating hierarchical blocks: 0
************************************************************
**************Verify net VSS connectivity*****************
  Number of floating wires: 109
  Number of floating vias: 0
  Number of floating std cells: 27063
  Number of floating hard macros: 0
  Number of floating I/O pads: 0
  Number of floating terminals: 0
  Number of floating hierarchical blocks: 0
************************************************************
Overall runtime: 1 seconds.
{PATH_21_27 PATH_21_26 PATH_21_28 PATH_21_29 PATH_21_30 PATH_21_31 PATH_21_32 PATH_21_33 PATH_21_34 PATH_21_35 PATH_21_36 PATH_21_37 PATH_21_38 PATH_21_39 PATH_21_40 PATH_21_41 PATH_21_42 PATH_21_43 PATH_21_44 PATH_21_45 PATH_21_46 PATH_21_47 PATH_21_48 PATH_21_49 PATH_21_50 PATH_21_51 PATH_21_52 PATH_21_13 PATH_21_0 PATH_21_1 PATH_21_2 PATH_21_3 PATH_21_4 PATH_21_5 PATH_21_6 PATH_21_7 PATH_21_8 PATH_21_9 PATH_21_10 PATH_21_11 PATH_21_12 PATH_21_54 PATH_21_14 PATH_21_15 PATH_21_16 PATH_21_17 PATH_21_18 PATH_21_19 PATH_21_20 PATH_21_21 PATH_21_22 PATH_21_23 PATH_21_24 PATH_21_25 PATH_21_95 PATH_21_82 PATH_21_83 PATH_21_84 PATH_21_85 PATH_21_86 PATH_21_87 PATH_21_88 PATH_21_89 PATH_21_90 PATH_21_91 PATH_21_92 PATH_21_93 PATH_21_94 PATH_21_81 PATH_21_96 PATH_21_97 PATH_21_98 PATH_21_99 PATH_21_100 PATH_21_101 PATH_21_102 PATH_21_103 PATH_21_104 PATH_21_105 PATH_21_106 PATH_21_107 PATH_21_68 PATH_21_55 PATH_21_56 PATH_21_57 PATH_21_58 PATH_21_59 PATH_21_60 PATH_21_61 PATH_21_62 PATH_21_63 PATH_21_64 PATH_21_65 PATH_21_66 PATH_21_67 PATH_21_53 PATH_21_69 PATH_21_70 PATH_21_71 PATH_21_72 ...}
