Information: Using 1 threads for LVS
[Check Short] Stage 1	Elapsed =    0:00:00, CPU =    0:00:00
[Check Short] Stage 1-2	Elapsed =    0:00:00, CPU =    0:00:00
[Check Short] Stage 2	Elapsed =    0:00:00, CPU =    0:00:00
[Check Short] Stage 2-2	Elapsed =    0:00:05, CPU =    0:00:05
[Check Short] Stage 3	Elapsed =    0:00:05, CPU =    0:00:05
[Check Short] End	Elapsed =    0:00:05, CPU =    0:00:05
[Check Net] Init	Elapsed =    0:00:05, CPU =    0:00:05
Warning: Port VDD have no valid pin shapes. Skip this port. (RT-203)
Warning: Port VSS have no valid pin shapes. Skip this port. (RT-203)
[Check Net] 10% 	Elapsed =    0:00:09, CPU =    0:00:09
[Check Net] 20% 	Elapsed =    0:00:10, CPU =    0:00:10
[Check Net] 30% 	Elapsed =    0:00:10, CPU =    0:00:10
[Check Net] 40% 	Elapsed =    0:00:10, CPU =    0:00:10
[Check Net] 50% 	Elapsed =    0:00:10, CPU =    0:00:10
[Check Net] 60% 	Elapsed =    0:00:11, CPU =    0:00:11
[Check Net] 70% 	Elapsed =    0:00:11, CPU =    0:00:11
[Check Net] 80% 	Elapsed =    0:00:11, CPU =    0:00:11
[Check Net] 90% 	Elapsed =    0:00:11, CPU =    0:00:11
Warning: Net pulp_clock_en_i has less than 2 valid port. Skip open checking for this net. (RT-204)
Warning: Net boot_addr_i[1] has less than 2 valid port. Skip open checking for this net. (RT-204)
Warning: Net boot_addr_i[0] has less than 2 valid port. Skip open checking for this net. (RT-204)
Warning: Net mtvec_addr_i[7] has less than 2 valid port. Skip open checking for this net. (RT-204)
Warning: Net mtvec_addr_i[6] has less than 2 valid port. Skip open checking for this net. (RT-204)
Warning: Net mtvec_addr_i[5] has less than 2 valid port. Skip open checking for this net. (RT-204)
Warning: Net mtvec_addr_i[4] has less than 2 valid port. Skip open checking for this net. (RT-204)
Warning: Net mtvec_addr_i[3] has less than 2 valid port. Skip open checking for this net. (RT-204)
Warning: Net mtvec_addr_i[2] has less than 2 valid port. Skip open checking for this net. (RT-204)
Warning: Net mtvec_addr_i[1] has less than 2 valid port. Skip open checking for this net. (RT-204)
Warning: Net mtvec_addr_i[0] has less than 2 valid port. Skip open checking for this net. (RT-204)
Warning: Net dm_halt_addr_i[1] has less than 2 valid port. Skip open checking for this net. (RT-204)
Warning: Net dm_halt_addr_i[0] has less than 2 valid port. Skip open checking for this net. (RT-204)
Warning: Net dm_exception_addr_i[1] has less than 2 valid port. Skip open checking for this net. (RT-204)
Warning: Net dm_exception_addr_i[0] has less than 2 valid port. Skip open checking for this net. (RT-204)
[Check Net] All nets are submitted.
[Check Net] 100%	Elapsed =    0:00:11, CPU =    0:00:11

===============================================================
    Maximum number of violations is set to 20
    Abort checking when more than 20 violations are found
    All violations might not be found.
===============================================================
Total number of input nets is 27005.
Total number of short violations is 0.
Total number of open nets is 0.
Total number of floating route violations is 0.

Elapsed =    0:00:11, CPU =    0:00:11
1
